Global seed set to 1501
GPU available: True (cuda), used: True
TPU available: False, using: 0 TPU cores
IPU available: False, using: 0 IPUs
HPU available: False, using: 0 HPUs
Initializing distributed: GLOBAL_RANK: 0, MEMBER: 1/4
Initializing distributed: GLOBAL_RANK: 1, MEMBER: 2/4
Missing logger folder: /home/yigit/codebase/emg2qwerty/logs/2025-03-11/21-53-23/job0_trainer.devices=4,trainer.max_epochs=200,user=single_user/lightning_logs
Initializing distributed: GLOBAL_RANK: 2, MEMBER: 3/4
Missing logger folder: /home/yigit/codebase/emg2qwerty/logs/2025-03-11/21-53-23/job0_trainer.devices=4,trainer.max_epochs=200,user=single_user/lightning_logs
Initializing distributed: GLOBAL_RANK: 3, MEMBER: 4/4
----------------------------------------------------------------------------------------------------
distributed_backend=nccl
All distributed processes registered. Starting with 4 processes
----------------------------------------------------------------------------------------------------

Missing logger folder: /home/yigit/codebase/emg2qwerty/logs/2025-03-11/21-53-23/job0_trainer.devices=4,trainer.max_epochs=200,user=single_user/lightning_logs
Missing logger folder: /home/yigit/codebase/emg2qwerty/logs/2025-03-11/21-53-23/job0_trainer.devices=4,trainer.max_epochs=200,user=single_user/lightning_logs
LOCAL_RANK: 0 - CUDA_VISIBLE_DEVICES: [0,1,2,3]
LOCAL_RANK: 1 - CUDA_VISIBLE_DEVICES: [0,1,2,3]
LOCAL_RANK: 2 - CUDA_VISIBLE_DEVICES: [0,1,2,3]
LOCAL_RANK: 3 - CUDA_VISIBLE_DEVICES: [0,1,2,3]
/home/yigit/anaconda3/envs/emg2qwerty/lib/python3.10/site-packages/pl_bolts/__init__.py:11: FutureWarning: In the future `np.object` will be defined as the corresponding NumPy scalar.
  if not hasattr(numpy, tp_name):
/home/yigit/anaconda3/envs/emg2qwerty/lib/python3.10/site-packages/pl_bolts/__init__.py:11: FutureWarning: In the future `np.object` will be defined as the corresponding NumPy scalar.
  if not hasattr(numpy, tp_name):
/home/yigit/anaconda3/envs/emg2qwerty/lib/python3.10/site-packages/pl_bolts/__init__.py:11: FutureWarning: In the future `np.bool` will be defined as the corresponding NumPy scalar.
  if not hasattr(numpy, tp_name):
/home/yigit/anaconda3/envs/emg2qwerty/lib/python3.10/site-packages/pl_bolts/__init__.py:11: FutureWarning: In the future `np.bool` will be defined as the corresponding NumPy scalar.
  if not hasattr(numpy, tp_name):
/home/yigit/anaconda3/envs/emg2qwerty/lib/python3.10/site-packages/pl_bolts/__init__.py:11: FutureWarning: In the future `np.object` will be defined as the corresponding NumPy scalar.
  if not hasattr(numpy, tp_name):
/home/yigit/anaconda3/envs/emg2qwerty/lib/python3.10/site-packages/pl_bolts/__init__.py:11: FutureWarning: In the future `np.object` will be defined as the corresponding NumPy scalar.
  if not hasattr(numpy, tp_name):
/home/yigit/anaconda3/envs/emg2qwerty/lib/python3.10/site-packages/pl_bolts/__init__.py:11: FutureWarning: In the future `np.bool` will be defined as the corresponding NumPy scalar.
  if not hasattr(numpy, tp_name):
/home/yigit/anaconda3/envs/emg2qwerty/lib/python3.10/site-packages/pl_bolts/__init__.py:11: FutureWarning: In the future `np.bool` will be defined as the corresponding NumPy scalar.
  if not hasattr(numpy, tp_name):
/home/yigit/anaconda3/envs/emg2qwerty/lib/python3.10/site-packages/pl_bolts/models/self_supervised/amdim/amdim_module.py:34: UnderReviewWarning: The feature generate_power_seq is currently marked under review. The compatibility with other Lightning projects is not guaranteed and API may change at any time. The API and functionality may change without warning in future releases. More details: https://lightning-bolts.readthedocs.io/en/latest/stability.html
  "lr_options": generate_power_seq(LEARNING_RATE_CIFAR, 11),
/home/yigit/anaconda3/envs/emg2qwerty/lib/python3.10/site-packages/pl_bolts/models/self_supervised/amdim/amdim_module.py:92: UnderReviewWarning: The feature FeatureMapContrastiveTask is currently marked under review. The compatibility with other Lightning projects is not guaranteed and API may change at any time. The API and functionality may change without warning in future releases. More details: https://lightning-bolts.readthedocs.io/en/latest/stability.html
  contrastive_task: Union[FeatureMapContrastiveTask] = FeatureMapContrastiveTask("01, 02, 11"),
/home/yigit/anaconda3/envs/emg2qwerty/lib/python3.10/site-packages/pl_bolts/losses/self_supervised_learning.py:228: UnderReviewWarning: The feature AmdimNCELoss is currently marked under review. The compatibility with other Lightning projects is not guaranteed and API may change at any time. The API and functionality may change without warning in future releases. More details: https://lightning-bolts.readthedocs.io/en/latest/stability.html
  self.nce_loss = AmdimNCELoss(tclip)
/home/yigit/anaconda3/envs/emg2qwerty/lib/python3.10/site-packages/hydra/_internal/instantiate/_instantiate2.py:92: UnderReviewWarning: The feature LinearWarmupCosineAnnealingLR is currently marked under review. The compatibility with other Lightning projects is not guaranteed and API may change at any time. The API and functionality may change without warning in future releases. More details: https://lightning-bolts.readthedocs.io/en/latest/stability.html
  return _target_(*args, **kwargs)

  | Name          | Type              | Params
----------------------------------------------------
0 | spec_norm     | SpectrogramNorm   | 64    
1 | cnn           | Sequential        | 133 K 
2 | adaptive_pool | AdaptiveAvgPool1d | 0     
3 | lstm          | LSTM              | 9.5 M 
4 | projection    | Sequential        | 287 K 
5 | ctc_loss      | CTCLoss           | 0     
6 | metrics       | ModuleDict        | 0     
----------------------------------------------------
9.9 M     Trainable params
0         Non-trainable params
9.9 M     Total params
39.500    Total estimated model params size (MB)
/home/yigit/anaconda3/envs/emg2qwerty/lib/python3.10/site-packages/pytorch_lightning/trainer/trainer.py:1595: PossibleUserWarning: The number of training batches (30) is smaller than the logging interval Trainer(log_every_n_steps=50). Set a lower value for log_every_n_steps if you want to see logs for the training epoch.
  rank_zero_warn(
[rank3]:[W reducer.cpp:1389] Warning: find_unused_parameters=True was specified in DDP constructor, but did not find any unused parameters in the forward pass. This flag results in an extra traversal of the autograd graph every iteration,  which can adversely affect performance. If your model indeed never has any unused parameters in the forward pass, consider turning this flag off. Note that this warning may be a false positive if your model has flow control causing later iterations to have unused parameters. (function operator())
[rank0]:[W reducer.cpp:1389] Warning: find_unused_parameters=True was specified in DDP constructor, but did not find any unused parameters in the forward pass. This flag results in an extra traversal of the autograd graph every iteration,  which can adversely affect performance. If your model indeed never has any unused parameters in the forward pass, consider turning this flag off. Note that this warning may be a false positive if your model has flow control causing later iterations to have unused parameters. (function operator())
[rank1]:[W reducer.cpp:1389] Warning: find_unused_parameters=True was specified in DDP constructor, but did not find any unused parameters in the forward pass. This flag results in an extra traversal of the autograd graph every iteration,  which can adversely affect performance. If your model indeed never has any unused parameters in the forward pass, consider turning this flag off. Note that this warning may be a false positive if your model has flow control causing later iterations to have unused parameters. (function operator())
[rank2]:[W reducer.cpp:1389] Warning: find_unused_parameters=True was specified in DDP constructor, but did not find any unused parameters in the forward pass. This flag results in an extra traversal of the autograd graph every iteration,  which can adversely affect performance. If your model indeed never has any unused parameters in the forward pass, consider turning this flag off. Note that this warning may be a false positive if your model has flow control causing later iterations to have unused parameters. (function operator())
Epoch 0, global step 30: 'val/CER' reached 477.60303 (best 477.60303), saving model to '/home/yigit/codebase/emg2qwerty/logs/2025-03-11/21-53-23/job0_trainer.devices=4,trainer.max_epochs=200,user=single_user/checkpoints/epoch=0-step=30.ckpt' as top 1
Epoch 1, global step 60: 'val/CER' reached 100.00000 (best 100.00000), saving model to '/home/yigit/codebase/emg2qwerty/logs/2025-03-11/21-53-23/job0_trainer.devices=4,trainer.max_epochs=200,user=single_user/checkpoints/epoch=1-step=60.ckpt' as top 1
Epoch 2, global step 90: 'val/CER' was not in top 1
Epoch 3, global step 120: 'val/CER' was not in top 1
Epoch 4, global step 150: 'val/CER' was not in top 1
Epoch 5, global step 180: 'val/CER' was not in top 1
Epoch 6, global step 210: 'val/CER' was not in top 1
Epoch 7, global step 240: 'val/CER' was not in top 1
Epoch 8, global step 270: 'val/CER' was not in top 1
Epoch 9, global step 300: 'val/CER' was not in top 1
Epoch 10, global step 330: 'val/CER' was not in top 1
Epoch 11, global step 360: 'val/CER' was not in top 1
Epoch 12, global step 390: 'val/CER' was not in top 1
Epoch 13, global step 420: 'val/CER' was not in top 1
Epoch 14, global step 450: 'val/CER' was not in top 1
Epoch 15, global step 480: 'val/CER' was not in top 1
Epoch 16, global step 510: 'val/CER' was not in top 1
Epoch 17, global step 540: 'val/CER' was not in top 1
Epoch 18, global step 570: 'val/CER' was not in top 1
Epoch 19, global step 600: 'val/CER' was not in top 1
Epoch 20, global step 630: 'val/CER' was not in top 1
Epoch 21, global step 660: 'val/CER' was not in top 1
Epoch 22, global step 690: 'val/CER' was not in top 1
Epoch 23, global step 720: 'val/CER' was not in top 1
Epoch 24, global step 750: 'val/CER' was not in top 1
Epoch 25, global step 780: 'val/CER' was not in top 1
Epoch 26, global step 810: 'val/CER' was not in top 1
Epoch 27, global step 840: 'val/CER' was not in top 1
Epoch 28, global step 870: 'val/CER' was not in top 1
Epoch 29, global step 900: 'val/CER' was not in top 1
Epoch 30, global step 930: 'val/CER' was not in top 1
Epoch 31, global step 960: 'val/CER' was not in top 1
Epoch 32, global step 990: 'val/CER' was not in top 1
Epoch 33, global step 1020: 'val/CER' was not in top 1
Epoch 34, global step 1050: 'val/CER' was not in top 1
Epoch 35, global step 1080: 'val/CER' was not in top 1
Epoch 36, global step 1110: 'val/CER' was not in top 1
Epoch 37, global step 1140: 'val/CER' was not in top 1
Epoch 38, global step 1170: 'val/CER' was not in top 1
Epoch 39, global step 1200: 'val/CER' was not in top 1
Epoch 40, global step 1230: 'val/CER' was not in top 1
Epoch 41, global step 1260: 'val/CER' was not in top 1
Epoch 42, global step 1290: 'val/CER' was not in top 1
Epoch 43, global step 1320: 'val/CER' was not in top 1
Epoch 44, global step 1350: 'val/CER' was not in top 1
Epoch 45, global step 1380: 'val/CER' reached 99.93354 (best 99.93354), saving model to '/home/yigit/codebase/emg2qwerty/logs/2025-03-11/21-53-23/job0_trainer.devices=4,trainer.max_epochs=200,user=single_user/checkpoints/epoch=45-step=1380.ckpt' as top 1
Epoch 46, global step 1410: 'val/CER' reached 93.30970 (best 93.30970), saving model to '/home/yigit/codebase/emg2qwerty/logs/2025-03-11/21-53-23/job0_trainer.devices=4,trainer.max_epochs=200,user=single_user/checkpoints/epoch=46-step=1410.ckpt' as top 1
Epoch 47, global step 1440: 'val/CER' reached 88.90120 (best 88.90120), saving model to '/home/yigit/codebase/emg2qwerty/logs/2025-03-11/21-53-23/job0_trainer.devices=4,trainer.max_epochs=200,user=single_user/checkpoints/epoch=47-step=1440.ckpt' as top 1
Epoch 48, global step 1470: 'val/CER' reached 82.60966 (best 82.60966), saving model to '/home/yigit/codebase/emg2qwerty/logs/2025-03-11/21-53-23/job0_trainer.devices=4,trainer.max_epochs=200,user=single_user/checkpoints/epoch=48-step=1470.ckpt' as top 1
Epoch 49, global step 1500: 'val/CER' reached 78.75498 (best 78.75498), saving model to '/home/yigit/codebase/emg2qwerty/logs/2025-03-11/21-53-23/job0_trainer.devices=4,trainer.max_epochs=200,user=single_user/checkpoints/epoch=49-step=1500.ckpt' as top 1
Epoch 50, global step 1530: 'val/CER' reached 74.67878 (best 74.67878), saving model to '/home/yigit/codebase/emg2qwerty/logs/2025-03-11/21-53-23/job0_trainer.devices=4,trainer.max_epochs=200,user=single_user/checkpoints/epoch=50-step=1530.ckpt' as top 1
Epoch 51, global step 1560: 'val/CER' reached 70.20381 (best 70.20381), saving model to '/home/yigit/codebase/emg2qwerty/logs/2025-03-11/21-53-23/job0_trainer.devices=4,trainer.max_epochs=200,user=single_user/checkpoints/epoch=51-step=1560.ckpt' as top 1
Epoch 52, global step 1590: 'val/CER' reached 65.17501 (best 65.17501), saving model to '/home/yigit/codebase/emg2qwerty/logs/2025-03-11/21-53-23/job0_trainer.devices=4,trainer.max_epochs=200,user=single_user/checkpoints/epoch=52-step=1590.ckpt' as top 1
Epoch 53, global step 1620: 'val/CER' reached 58.06380 (best 58.06380), saving model to '/home/yigit/codebase/emg2qwerty/logs/2025-03-11/21-53-23/job0_trainer.devices=4,trainer.max_epochs=200,user=single_user/checkpoints/epoch=53-step=1620.ckpt' as top 1
Epoch 54, global step 1650: 'val/CER' reached 46.85423 (best 46.85423), saving model to '/home/yigit/codebase/emg2qwerty/logs/2025-03-11/21-53-23/job0_trainer.devices=4,trainer.max_epochs=200,user=single_user/checkpoints/epoch=54-step=1650.ckpt' as top 1
Epoch 55, global step 1680: 'val/CER' reached 39.56580 (best 39.56580), saving model to '/home/yigit/codebase/emg2qwerty/logs/2025-03-11/21-53-23/job0_trainer.devices=4,trainer.max_epochs=200,user=single_user/checkpoints/epoch=55-step=1680.ckpt' as top 1
Epoch 56, global step 1710: 'val/CER' reached 37.83784 (best 37.83784), saving model to '/home/yigit/codebase/emg2qwerty/logs/2025-03-11/21-53-23/job0_trainer.devices=4,trainer.max_epochs=200,user=single_user/checkpoints/epoch=56-step=1710.ckpt' as top 1
Epoch 57, global step 1740: 'val/CER' was not in top 1
Epoch 58, global step 1770: 'val/CER' was not in top 1
Epoch 59, global step 1800: 'val/CER' reached 36.24280 (best 36.24280), saving model to '/home/yigit/codebase/emg2qwerty/logs/2025-03-11/21-53-23/job0_trainer.devices=4,trainer.max_epochs=200,user=single_user/checkpoints/epoch=59-step=1800.ckpt' as top 1
Epoch 60, global step 1830: 'val/CER' reached 33.25211 (best 33.25211), saving model to '/home/yigit/codebase/emg2qwerty/logs/2025-03-11/21-53-23/job0_trainer.devices=4,trainer.max_epochs=200,user=single_user/checkpoints/epoch=60-step=1830.ckpt' as top 1
Epoch 61, global step 1860: 'val/CER' was not in top 1
Epoch 62, global step 1890: 'val/CER' reached 31.36907 (best 31.36907), saving model to '/home/yigit/codebase/emg2qwerty/logs/2025-03-11/21-53-23/job0_trainer.devices=4,trainer.max_epochs=200,user=single_user/checkpoints/epoch=62-step=1890.ckpt' as top 1
Epoch 63, global step 1920: 'val/CER' reached 30.35002 (best 30.35002), saving model to '/home/yigit/codebase/emg2qwerty/logs/2025-03-11/21-53-23/job0_trainer.devices=4,trainer.max_epochs=200,user=single_user/checkpoints/epoch=63-step=1920.ckpt' as top 1
Epoch 64, global step 1950: 'val/CER' reached 29.84050 (best 29.84050), saving model to '/home/yigit/codebase/emg2qwerty/logs/2025-03-11/21-53-23/job0_trainer.devices=4,trainer.max_epochs=200,user=single_user/checkpoints/epoch=64-step=1950.ckpt' as top 1
Epoch 65, global step 1980: 'val/CER' was not in top 1
Epoch 66, global step 2010: 'val/CER' was not in top 1
Epoch 67, global step 2040: 'val/CER' reached 28.17900 (best 28.17900), saving model to '/home/yigit/codebase/emg2qwerty/logs/2025-03-11/21-53-23/job0_trainer.devices=4,trainer.max_epochs=200,user=single_user/checkpoints/epoch=67-step=2040.ckpt' as top 1
Epoch 68, global step 2070: 'val/CER' reached 26.56181 (best 26.56181), saving model to '/home/yigit/codebase/emg2qwerty/logs/2025-03-11/21-53-23/job0_trainer.devices=4,trainer.max_epochs=200,user=single_user/checkpoints/epoch=68-step=2070.ckpt' as top 1
Epoch 69, global step 2100: 'val/CER' reached 26.45104 (best 26.45104), saving model to '/home/yigit/codebase/emg2qwerty/logs/2025-03-11/21-53-23/job0_trainer.devices=4,trainer.max_epochs=200,user=single_user/checkpoints/epoch=69-step=2100.ckpt' as top 1
Epoch 70, global step 2130: 'val/CER' reached 25.07754 (best 25.07754), saving model to '/home/yigit/codebase/emg2qwerty/logs/2025-03-11/21-53-23/job0_trainer.devices=4,trainer.max_epochs=200,user=single_user/checkpoints/epoch=70-step=2130.ckpt' as top 1
Epoch 71, global step 2160: 'val/CER' was not in top 1
Epoch 72, global step 2190: 'val/CER' was not in top 1
Epoch 73, global step 2220: 'val/CER' was not in top 1
Epoch 74, global step 2250: 'val/CER' was not in top 1
Epoch 75, global step 2280: 'val/CER' reached 22.64067 (best 22.64067), saving model to '/home/yigit/codebase/emg2qwerty/logs/2025-03-11/21-53-23/job0_trainer.devices=4,trainer.max_epochs=200,user=single_user/checkpoints/epoch=75-step=2280.ckpt' as top 1
Epoch 76, global step 2310: 'val/CER' was not in top 1
Epoch 77, global step 2340: 'val/CER' reached 22.08684 (best 22.08684), saving model to '/home/yigit/codebase/emg2qwerty/logs/2025-03-11/21-53-23/job0_trainer.devices=4,trainer.max_epochs=200,user=single_user/checkpoints/epoch=77-step=2340.ckpt' as top 1
Epoch 78, global step 2370: 'val/CER' was not in top 1
Epoch 79, global step 2400: 'val/CER' was not in top 1
Epoch 80, global step 2430: 'val/CER' was not in top 1
Epoch 81, global step 2460: 'val/CER' reached 21.44440 (best 21.44440), saving model to '/home/yigit/codebase/emg2qwerty/logs/2025-03-11/21-53-23/job0_trainer.devices=4,trainer.max_epochs=200,user=single_user/checkpoints/epoch=81-step=2460.ckpt' as top 1
Epoch 82, global step 2490: 'val/CER' was not in top 1
Epoch 83, global step 2520: 'val/CER' was not in top 1
Epoch 84, global step 2550: 'val/CER' reached 20.62472 (best 20.62472), saving model to '/home/yigit/codebase/emg2qwerty/logs/2025-03-11/21-53-23/job0_trainer.devices=4,trainer.max_epochs=200,user=single_user/checkpoints/epoch=84-step=2550.ckpt' as top 1
Epoch 85, global step 2580: 'val/CER' reached 19.62782 (best 19.62782), saving model to '/home/yigit/codebase/emg2qwerty/logs/2025-03-11/21-53-23/job0_trainer.devices=4,trainer.max_epochs=200,user=single_user/checkpoints/epoch=85-step=2580.ckpt' as top 1
Epoch 86, global step 2610: 'val/CER' was not in top 1
Epoch 87, global step 2640: 'val/CER' was not in top 1
Epoch 88, global step 2670: 'val/CER' reached 19.40629 (best 19.40629), saving model to '/home/yigit/codebase/emg2qwerty/logs/2025-03-11/21-53-23/job0_trainer.devices=4,trainer.max_epochs=200,user=single_user/checkpoints/epoch=88-step=2670.ckpt' as top 1
Epoch 89, global step 2700: 'val/CER' was not in top 1
Epoch 90, global step 2730: 'val/CER' was not in top 1
Epoch 91, global step 2760: 'val/CER' was not in top 1
Epoch 92, global step 2790: 'val/CER' was not in top 1
Epoch 93, global step 2820: 'val/CER' reached 19.11830 (best 19.11830), saving model to '/home/yigit/codebase/emg2qwerty/logs/2025-03-11/21-53-23/job0_trainer.devices=4,trainer.max_epochs=200,user=single_user/checkpoints/epoch=93-step=2820.ckpt' as top 1
Epoch 94, global step 2850: 'val/CER' reached 18.05494 (best 18.05494), saving model to '/home/yigit/codebase/emg2qwerty/logs/2025-03-11/21-53-23/job0_trainer.devices=4,trainer.max_epochs=200,user=single_user/checkpoints/epoch=94-step=2850.ckpt' as top 1
Epoch 95, global step 2880: 'val/CER' reached 17.92202 (best 17.92202), saving model to '/home/yigit/codebase/emg2qwerty/logs/2025-03-11/21-53-23/job0_trainer.devices=4,trainer.max_epochs=200,user=single_user/checkpoints/epoch=95-step=2880.ckpt' as top 1
Epoch 96, global step 2910: 'val/CER' was not in top 1
Epoch 97, global step 2940: 'val/CER' reached 17.41249 (best 17.41249), saving model to '/home/yigit/codebase/emg2qwerty/logs/2025-03-11/21-53-23/job0_trainer.devices=4,trainer.max_epochs=200,user=single_user/checkpoints/epoch=97-step=2940.ckpt' as top 1
Epoch 98, global step 2970: 'val/CER' was not in top 1
Epoch 99, global step 3000: 'val/CER' was not in top 1
Epoch 100, global step 3030: 'val/CER' reached 16.99158 (best 16.99158), saving model to '/home/yigit/codebase/emg2qwerty/logs/2025-03-11/21-53-23/job0_trainer.devices=4,trainer.max_epochs=200,user=single_user/checkpoints/epoch=100-step=3030.ckpt' as top 1
Epoch 101, global step 3060: 'val/CER' reached 16.83651 (best 16.83651), saving model to '/home/yigit/codebase/emg2qwerty/logs/2025-03-11/21-53-23/job0_trainer.devices=4,trainer.max_epochs=200,user=single_user/checkpoints/epoch=101-step=3060.ckpt' as top 1
Epoch 102, global step 3090: 'val/CER' was not in top 1
Epoch 103, global step 3120: 'val/CER' was not in top 1
Epoch 104, global step 3150: 'val/CER' reached 16.45990 (best 16.45990), saving model to '/home/yigit/codebase/emg2qwerty/logs/2025-03-11/21-53-23/job0_trainer.devices=4,trainer.max_epochs=200,user=single_user/checkpoints/epoch=104-step=3150.ckpt' as top 1
Epoch 105, global step 3180: 'val/CER' was not in top 1
Epoch 106, global step 3210: 'val/CER' was not in top 1
Epoch 107, global step 3240: 'val/CER' reached 16.03899 (best 16.03899), saving model to '/home/yigit/codebase/emg2qwerty/logs/2025-03-11/21-53-23/job0_trainer.devices=4,trainer.max_epochs=200,user=single_user/checkpoints/epoch=107-step=3240.ckpt' as top 1
Epoch 108, global step 3270: 'val/CER' was not in top 1
Epoch 109, global step 3300: 'val/CER' was not in top 1
Epoch 110, global step 3330: 'val/CER' reached 15.99468 (best 15.99468), saving model to '/home/yigit/codebase/emg2qwerty/logs/2025-03-11/21-53-23/job0_trainer.devices=4,trainer.max_epochs=200,user=single_user/checkpoints/epoch=110-step=3330.ckpt' as top 1
Epoch 111, global step 3360: 'val/CER' was not in top 1
Epoch 112, global step 3390: 'val/CER' was not in top 1
Epoch 113, global step 3420: 'val/CER' was not in top 1
Epoch 114, global step 3450: 'val/CER' was not in top 1
Epoch 115, global step 3480: 'val/CER' reached 15.57377 (best 15.57377), saving model to '/home/yigit/codebase/emg2qwerty/logs/2025-03-11/21-53-23/job0_trainer.devices=4,trainer.max_epochs=200,user=single_user/checkpoints/epoch=115-step=3480.ckpt' as top 1
Epoch 116, global step 3510: 'val/CER' was not in top 1
Epoch 117, global step 3540: 'val/CER' reached 15.21932 (best 15.21932), saving model to '/home/yigit/codebase/emg2qwerty/logs/2025-03-11/21-53-23/job0_trainer.devices=4,trainer.max_epochs=200,user=single_user/checkpoints/epoch=117-step=3540.ckpt' as top 1
Epoch 118, global step 3570: 'val/CER' was not in top 1
Epoch 119, global step 3600: 'val/CER' was not in top 1
Epoch 120, global step 3630: 'val/CER' was not in top 1
Epoch 121, global step 3660: 'val/CER' was not in top 1
Epoch 122, global step 3690: 'val/CER' was not in top 1
Epoch 123, global step 3720: 'val/CER' was not in top 1
Epoch 124, global step 3750: 'val/CER' was not in top 1
Epoch 125, global step 3780: 'val/CER' was not in top 1
Epoch 126, global step 3810: 'val/CER' was not in top 1
Epoch 127, global step 3840: 'val/CER' was not in top 1
Epoch 128, global step 3870: 'val/CER' was not in top 1
Epoch 129, global step 3900: 'val/CER' was not in top 1
Epoch 130, global step 3930: 'val/CER' was not in top 1
Epoch 131, global step 3960: 'val/CER' was not in top 1
Epoch 132, global step 3990: 'val/CER' reached 15.19716 (best 15.19716), saving model to '/home/yigit/codebase/emg2qwerty/logs/2025-03-11/21-53-23/job0_trainer.devices=4,trainer.max_epochs=200,user=single_user/checkpoints/epoch=132-step=3990.ckpt' as top 1
Epoch 133, global step 4020: 'val/CER' reached 15.10855 (best 15.10855), saving model to '/home/yigit/codebase/emg2qwerty/logs/2025-03-11/21-53-23/job0_trainer.devices=4,trainer.max_epochs=200,user=single_user/checkpoints/epoch=133-step=4020.ckpt' as top 1
Epoch 134, global step 4050: 'val/CER' was not in top 1
Epoch 135, global step 4080: 'val/CER' was not in top 1
Epoch 136, global step 4110: 'val/CER' was not in top 1
Epoch 137, global step 4140: 'val/CER' was not in top 1
Epoch 138, global step 4170: 'val/CER' reached 14.79840 (best 14.79840), saving model to '/home/yigit/codebase/emg2qwerty/logs/2025-03-11/21-53-23/job0_trainer.devices=4,trainer.max_epochs=200,user=single_user/checkpoints/epoch=138-step=4170.ckpt' as top 1
Epoch 139, global step 4200: 'val/CER' was not in top 1
Epoch 140, global step 4230: 'val/CER' was not in top 1
Epoch 141, global step 4260: 'val/CER' was not in top 1
Epoch 142, global step 4290: 'val/CER' was not in top 1
Epoch 143, global step 4320: 'val/CER' was not in top 1
Epoch 144, global step 4350: 'val/CER' was not in top 1
Epoch 145, global step 4380: 'val/CER' reached 14.35534 (best 14.35534), saving model to '/home/yigit/codebase/emg2qwerty/logs/2025-03-11/21-53-23/job0_trainer.devices=4,trainer.max_epochs=200,user=single_user/checkpoints/epoch=145-step=4380.ckpt' as top 1
Epoch 146, global step 4410: 'val/CER' was not in top 1
Epoch 147, global step 4440: 'val/CER' was not in top 1
Epoch 148, global step 4470: 'val/CER' was not in top 1
Epoch 149, global step 4500: 'val/CER' was not in top 1
Epoch 150, global step 4530: 'val/CER' was not in top 1
Epoch 151, global step 4560: 'val/CER' was not in top 1
Epoch 152, global step 4590: 'val/CER' was not in top 1
Epoch 153, global step 4620: 'val/CER' was not in top 1
Epoch 154, global step 4650: 'val/CER' was not in top 1
Epoch 155, global step 4680: 'val/CER' was not in top 1
Epoch 156, global step 4710: 'val/CER' was not in top 1
Epoch 157, global step 4740: 'val/CER' reached 14.33319 (best 14.33319), saving model to '/home/yigit/codebase/emg2qwerty/logs/2025-03-11/21-53-23/job0_trainer.devices=4,trainer.max_epochs=200,user=single_user/checkpoints/epoch=157-step=4740.ckpt' as top 1
Epoch 158, global step 4770: 'val/CER' was not in top 1
Epoch 159, global step 4800: 'val/CER' reached 14.04519 (best 14.04519), saving model to '/home/yigit/codebase/emg2qwerty/logs/2025-03-11/21-53-23/job0_trainer.devices=4,trainer.max_epochs=200,user=single_user/checkpoints/epoch=159-step=4800.ckpt' as top 1
Epoch 160, global step 4830: 'val/CER' was not in top 1
Epoch 161, global step 4860: 'val/CER' reached 13.71289 (best 13.71289), saving model to '/home/yigit/codebase/emg2qwerty/logs/2025-03-11/21-53-23/job0_trainer.devices=4,trainer.max_epochs=200,user=single_user/checkpoints/epoch=161-step=4860.ckpt' as top 1
Epoch 162, global step 4890: 'val/CER' was not in top 1
Epoch 163, global step 4920: 'val/CER' was not in top 1
Epoch 164, global step 4950: 'val/CER' was not in top 1
Epoch 165, global step 4980: 'val/CER' was not in top 1
Epoch 166, global step 5010: 'val/CER' was not in top 1
Epoch 167, global step 5040: 'val/CER' was not in top 1
Epoch 168, global step 5070: 'val/CER' was not in top 1
Epoch 169, global step 5100: 'val/CER' was not in top 1
Epoch 170, global step 5130: 'val/CER' was not in top 1
Epoch 171, global step 5160: 'val/CER' was not in top 1
Epoch 172, global step 5190: 'val/CER' was not in top 1
Epoch 173, global step 5220: 'val/CER' was not in top 1
Epoch 174, global step 5250: 'val/CER' was not in top 1
Epoch 175, global step 5280: 'val/CER' reached 13.69074 (best 13.69074), saving model to '/home/yigit/codebase/emg2qwerty/logs/2025-03-11/21-53-23/job0_trainer.devices=4,trainer.max_epochs=200,user=single_user/checkpoints/epoch=175-step=5280.ckpt' as top 1
Epoch 176, global step 5310: 'val/CER' was not in top 1
Epoch 177, global step 5340: 'val/CER' was not in top 1
Epoch 178, global step 5370: 'val/CER' was not in top 1
Epoch 179, global step 5400: 'val/CER' was not in top 1
Epoch 180, global step 5430: 'val/CER' was not in top 1
Epoch 181, global step 5460: 'val/CER' was not in top 1
Epoch 182, global step 5490: 'val/CER' was not in top 1
Epoch 183, global step 5520: 'val/CER' was not in top 1
Epoch 184, global step 5550: 'val/CER' was not in top 1
Epoch 185, global step 5580: 'val/CER' was not in top 1
Epoch 186, global step 5610: 'val/CER' was not in top 1
Epoch 187, global step 5640: 'val/CER' was not in top 1
Epoch 188, global step 5670: 'val/CER' was not in top 1
Epoch 189, global step 5700: 'val/CER' was not in top 1
Epoch 190, global step 5730: 'val/CER' was not in top 1
Epoch 191, global step 5760: 'val/CER' was not in top 1
Epoch 192, global step 5790: 'val/CER' was not in top 1
Epoch 193, global step 5820: 'val/CER' was not in top 1
Epoch 194, global step 5850: 'val/CER' was not in top 1
Epoch 195, global step 5880: 'val/CER' was not in top 1
Epoch 196, global step 5910: 'val/CER' was not in top 1
Epoch 197, global step 5940: 'val/CER' was not in top 1
Epoch 198, global step 5970: 'val/CER' was not in top 1
Epoch 199, global step 6000: 'val/CER' was not in top 1
`Trainer.fit` stopped: `max_epochs=200` reached.
Initializing distributed: GLOBAL_RANK: 0, MEMBER: 1/4
Initializing distributed: GLOBAL_RANK: 3, MEMBER: 4/4
Initializing distributed: GLOBAL_RANK: 1, MEMBER: 2/4
Initializing distributed: GLOBAL_RANK: 2, MEMBER: 3/4
----------------------------------------------------------------------------------------------------
distributed_backend=nccl
All distributed processes registered. Starting with 4 processes
----------------------------------------------------------------------------------------------------

LOCAL_RANK: 1 - CUDA_VISIBLE_DEVICES: [0,1,2,3]
LOCAL_RANK: 2 - CUDA_VISIBLE_DEVICES: [0,1,2,3]
LOCAL_RANK: 3 - CUDA_VISIBLE_DEVICES: [0,1,2,3]
LOCAL_RANK: 0 - CUDA_VISIBLE_DEVICES: [0,1,2,3]
/home/yigit/anaconda3/envs/emg2qwerty/lib/python3.10/site-packages/pytorch_lightning/trainer/connectors/data_connector.py:315: PossibleUserWarning: Using `DistributedSampler` with the dataloaders. During `trainer.validate()`, it is recommended to use `Trainer(devices=1, num_nodes=1)` to ensure each sample/batch gets evaluated exactly once. Otherwise, multi-device settings use `DistributedSampler` that replicates some samples to make sure all devices have same batch size in case of uneven inputs.
  rank_zero_warn(
Initializing distributed: GLOBAL_RANK: 2, MEMBER: 3/4
Initializing distributed: GLOBAL_RANK: 1, MEMBER: 2/4
Initializing distributed: GLOBAL_RANK: 3, MEMBER: 4/4
Initializing distributed: GLOBAL_RANK: 0, MEMBER: 1/4
----------------------------------------------------------------------------------------------------
distributed_backend=nccl
All distributed processes registered. Starting with 4 processes
----------------------------------------------------------------------------------------------------

LOCAL_RANK: 1 - CUDA_VISIBLE_DEVICES: [0,1,2,3]
LOCAL_RANK: 0 - CUDA_VISIBLE_DEVICES: [0,1,2,3]
LOCAL_RANK: 3 - CUDA_VISIBLE_DEVICES: [0,1,2,3]
LOCAL_RANK: 2 - CUDA_VISIBLE_DEVICES: [0,1,2,3]
/home/yigit/anaconda3/envs/emg2qwerty/lib/python3.10/site-packages/pytorch_lightning/trainer/connectors/data_connector.py:315: PossibleUserWarning: Using `DistributedSampler` with the dataloaders. During `trainer.test()`, it is recommended to use `Trainer(devices=1, num_nodes=1)` to ensure each sample/batch gets evaluated exactly once. Otherwise, multi-device settings use `DistributedSampler` that replicates some samples to make sure all devices have same batch size in case of uneven inputs.
  rank_zero_warn(
