Global seed set to 1501
/home/kartik/miniconda3/envs/emg2qwerty/lib/python3.11/site-packages/torch/nn/modules/transformer.py:306: UserWarning: enable_nested_tensor is True, but self.use_nested_tensor is False because encoder_layer.norm_first was True
  warnings.warn(f"enable_nested_tensor is True, but self.use_nested_tensor is False because {why_not_sparsity_fast_path}")
GPU available: True (cuda), used: True
TPU available: False, using: 0 TPU cores
IPU available: False, using: 0 IPUs
HPU available: False, using: 0 HPUs
Initializing distributed: GLOBAL_RANK: 1, MEMBER: 2/4
Initializing distributed: GLOBAL_RANK: 3, MEMBER: 4/4
Initializing distributed: GLOBAL_RANK: 0, MEMBER: 1/4
Initializing distributed: GLOBAL_RANK: 2, MEMBER: 3/4
Missing logger folder: /mnt/SSD1/kartik/emg2qwerty/logs/2025-03-12/15-52-16/job0_trainer.devices=4,user=single_user/lightning_logs
Missing logger folder: /mnt/SSD1/kartik/emg2qwerty/logs/2025-03-12/15-52-16/job0_trainer.devices=4,user=single_user/lightning_logs
----------------------------------------------------------------------------------------------------
distributed_backend=nccl
All distributed processes registered. Starting with 4 processes
----------------------------------------------------------------------------------------------------

Missing logger folder: /mnt/SSD1/kartik/emg2qwerty/logs/2025-03-12/15-52-16/job0_trainer.devices=4,user=single_user/lightning_logs
Missing logger folder: /mnt/SSD1/kartik/emg2qwerty/logs/2025-03-12/15-52-16/job0_trainer.devices=4,user=single_user/lightning_logs
LOCAL_RANK: 1 - CUDA_VISIBLE_DEVICES: [0,1,2,3]
LOCAL_RANK: 3 - CUDA_VISIBLE_DEVICES: [0,1,2,3]
LOCAL_RANK: 2 - CUDA_VISIBLE_DEVICES: [0,1,2,3]
LOCAL_RANK: 0 - CUDA_VISIBLE_DEVICES: [0,1,2,3]
/home/kartik/miniconda3/envs/emg2qwerty/lib/python3.11/site-packages/pl_bolts/__init__.py:11: FutureWarning: In the future `np.object` will be defined as the corresponding NumPy scalar.
  if not hasattr(numpy, tp_name):
/home/kartik/miniconda3/envs/emg2qwerty/lib/python3.11/site-packages/pl_bolts/__init__.py:11: FutureWarning: In the future `np.bool` will be defined as the corresponding NumPy scalar.
  if not hasattr(numpy, tp_name):
/home/kartik/miniconda3/envs/emg2qwerty/lib/python3.11/site-packages/pl_bolts/__init__.py:11: FutureWarning: In the future `np.object` will be defined as the corresponding NumPy scalar.
  if not hasattr(numpy, tp_name):
/home/kartik/miniconda3/envs/emg2qwerty/lib/python3.11/site-packages/pl_bolts/__init__.py:11: FutureWarning: In the future `np.object` will be defined as the corresponding NumPy scalar.
  if not hasattr(numpy, tp_name):
/home/kartik/miniconda3/envs/emg2qwerty/lib/python3.11/site-packages/pl_bolts/__init__.py:11: FutureWarning: In the future `np.bool` will be defined as the corresponding NumPy scalar.
  if not hasattr(numpy, tp_name):
/home/kartik/miniconda3/envs/emg2qwerty/lib/python3.11/site-packages/pl_bolts/__init__.py:11: FutureWarning: In the future `np.bool` will be defined as the corresponding NumPy scalar.
  if not hasattr(numpy, tp_name):
/home/kartik/miniconda3/envs/emg2qwerty/lib/python3.11/site-packages/pl_bolts/__init__.py:11: FutureWarning: In the future `np.object` will be defined as the corresponding NumPy scalar.
  if not hasattr(numpy, tp_name):
/home/kartik/miniconda3/envs/emg2qwerty/lib/python3.11/site-packages/pl_bolts/__init__.py:11: FutureWarning: In the future `np.bool` will be defined as the corresponding NumPy scalar.
  if not hasattr(numpy, tp_name):
/home/kartik/miniconda3/envs/emg2qwerty/lib/python3.11/site-packages/pl_bolts/models/self_supervised/amdim/amdim_module.py:34: UnderReviewWarning: The feature generate_power_seq is currently marked under review. The compatibility with other Lightning projects is not guaranteed and API may change at any time. The API and functionality may change without warning in future releases. More details: https://lightning-bolts.readthedocs.io/en/latest/stability.html
  "lr_options": generate_power_seq(LEARNING_RATE_CIFAR, 11),
/home/kartik/miniconda3/envs/emg2qwerty/lib/python3.11/site-packages/pl_bolts/models/self_supervised/amdim/amdim_module.py:92: UnderReviewWarning: The feature FeatureMapContrastiveTask is currently marked under review. The compatibility with other Lightning projects is not guaranteed and API may change at any time. The API and functionality may change without warning in future releases. More details: https://lightning-bolts.readthedocs.io/en/latest/stability.html
  contrastive_task: Union[FeatureMapContrastiveTask] = FeatureMapContrastiveTask("01, 02, 11"),
/home/kartik/miniconda3/envs/emg2qwerty/lib/python3.11/site-packages/pl_bolts/losses/self_supervised_learning.py:228: UnderReviewWarning: The feature AmdimNCELoss is currently marked under review. The compatibility with other Lightning projects is not guaranteed and API may change at any time. The API and functionality may change without warning in future releases. More details: https://lightning-bolts.readthedocs.io/en/latest/stability.html
  self.nce_loss = AmdimNCELoss(tclip)
/home/kartik/miniconda3/envs/emg2qwerty/lib/python3.11/site-packages/hydra/_internal/instantiate/_instantiate2.py:92: UnderReviewWarning: The feature LinearWarmupCosineAnnealingLR is currently marked under review. The compatibility with other Lightning projects is not guaranteed and API may change at any time. The API and functionality may change without warning in future releases. More details: https://lightning-bolts.readthedocs.io/en/latest/stability.html
  return _target_(*args, **kwargs)

  | Name                | Type               | Params
-----------------------------------------------------------
0 | spec_norm           | SpectrogramNorm    | 64    
1 | cnn                 | Sequential         | 133 K 
2 | adaptive_pool       | AdaptiveAvgPool1d  | 0     
3 | input_projection    | Linear             | 65.8 K
4 | pos_encoder         | PositionalEncoding | 0     
5 | transformer_encoder | TransformerEncoder | 4.7 M 
6 | projection          | Sequential         | 91.2 K
7 | ctc_loss            | CTCLoss            | 0     
8 | metrics             | ModuleDict         | 0     
-----------------------------------------------------------
5.0 M     Trainable params
0         Non-trainable params
5.0 M     Total params
20.117    Total estimated model params size (MB)
/home/kartik/miniconda3/envs/emg2qwerty/lib/python3.11/site-packages/pytorch_lightning/trainer/trainer.py:1595: PossibleUserWarning: The number of training batches (30) is smaller than the logging interval Trainer(log_every_n_steps=50). Set a lower value for log_every_n_steps if you want to see logs for the training epoch.
  rank_zero_warn(
[rank3]:[W reducer.cpp:1389] Warning: find_unused_parameters=True was specified in DDP constructor, but did not find any unused parameters in the forward pass. This flag results in an extra traversal of the autograd graph every iteration,  which can adversely affect performance. If your model indeed never has any unused parameters in the forward pass, consider turning this flag off. Note that this warning may be a false positive if your model has flow control causing later iterations to have unused parameters. (function operator())
[rank1]:[W reducer.cpp:1389] Warning: find_unused_parameters=True was specified in DDP constructor, but did not find any unused parameters in the forward pass. This flag results in an extra traversal of the autograd graph every iteration,  which can adversely affect performance. If your model indeed never has any unused parameters in the forward pass, consider turning this flag off. Note that this warning may be a false positive if your model has flow control causing later iterations to have unused parameters. (function operator())
[rank2]:[W reducer.cpp:1389] Warning: find_unused_parameters=True was specified in DDP constructor, but did not find any unused parameters in the forward pass. This flag results in an extra traversal of the autograd graph every iteration,  which can adversely affect performance. If your model indeed never has any unused parameters in the forward pass, consider turning this flag off. Note that this warning may be a false positive if your model has flow control causing later iterations to have unused parameters. (function operator())
[rank0]:[W reducer.cpp:1389] Warning: find_unused_parameters=True was specified in DDP constructor, but did not find any unused parameters in the forward pass. This flag results in an extra traversal of the autograd graph every iteration,  which can adversely affect performance. If your model indeed never has any unused parameters in the forward pass, consider turning this flag off. Note that this warning may be a false positive if your model has flow control causing later iterations to have unused parameters. (function operator())
Epoch 0, global step 30: 'val/CER' reached 340.09747 (best 340.09747), saving model to '/mnt/SSD1/kartik/emg2qwerty/logs/2025-03-12/15-52-16/job0_trainer.devices=4,user=single_user/checkpoints/epoch=0-step=30.ckpt' as top 1
Epoch 1, global step 60: 'val/CER' reached 100.00000 (best 100.00000), saving model to '/mnt/SSD1/kartik/emg2qwerty/logs/2025-03-12/15-52-16/job0_trainer.devices=4,user=single_user/checkpoints/epoch=1-step=60.ckpt' as top 1
Epoch 2, global step 90: 'val/CER' was not in top 1
Epoch 3, global step 120: 'val/CER' was not in top 1
Epoch 4, global step 150: 'val/CER' was not in top 1
Epoch 5, global step 180: 'val/CER' was not in top 1
Epoch 6, global step 210: 'val/CER' was not in top 1
Epoch 7, global step 240: 'val/CER' was not in top 1
Epoch 8, global step 270: 'val/CER' was not in top 1
Epoch 9, global step 300: 'val/CER' was not in top 1
Epoch 10, global step 330: 'val/CER' was not in top 1
Epoch 11, global step 360: 'val/CER' was not in top 1
Epoch 12, global step 390: 'val/CER' was not in top 1
Epoch 13, global step 420: 'val/CER' was not in top 1
Epoch 14, global step 450: 'val/CER' was not in top 1
Epoch 15, global step 480: 'val/CER' was not in top 1
Epoch 16, global step 510: 'val/CER' was not in top 1
Epoch 17, global step 540: 'val/CER' was not in top 1
Epoch 18, global step 570: 'val/CER' was not in top 1
Epoch 19, global step 600: 'val/CER' was not in top 1
Epoch 20, global step 630: 'val/CER' was not in top 1
Epoch 21, global step 660: 'val/CER' was not in top 1
Epoch 22, global step 690: 'val/CER' was not in top 1
Epoch 23, global step 720: 'val/CER' was not in top 1
Epoch 24, global step 750: 'val/CER' was not in top 1
Epoch 25, global step 780: 'val/CER' was not in top 1
Epoch 26, global step 810: 'val/CER' was not in top 1
Epoch 27, global step 840: 'val/CER' was not in top 1
Epoch 28, global step 870: 'val/CER' was not in top 1
Epoch 29, global step 900: 'val/CER' was not in top 1
Epoch 30, global step 930: 'val/CER' was not in top 1
Epoch 31, global step 960: 'val/CER' was not in top 1
Epoch 32, global step 990: 'val/CER' was not in top 1
Epoch 33, global step 1020: 'val/CER' was not in top 1
Epoch 34, global step 1050: 'val/CER' was not in top 1
Epoch 35, global step 1080: 'val/CER' was not in top 1
Epoch 36, global step 1110: 'val/CER' was not in top 1
Epoch 37, global step 1140: 'val/CER' was not in top 1
Epoch 38, global step 1170: 'val/CER' reached 99.97784 (best 99.97784), saving model to '/mnt/SSD1/kartik/emg2qwerty/logs/2025-03-12/15-52-16/job0_trainer.devices=4,user=single_user/checkpoints/epoch=38-step=1170.ckpt' as top 1
Epoch 39, global step 1200: 'val/CER' reached 99.71201 (best 99.71201), saving model to '/mnt/SSD1/kartik/emg2qwerty/logs/2025-03-12/15-52-16/job0_trainer.devices=4,user=single_user/checkpoints/epoch=39-step=1200.ckpt' as top 1
Epoch 40, global step 1230: 'val/CER' reached 99.35755 (best 99.35755), saving model to '/mnt/SSD1/kartik/emg2qwerty/logs/2025-03-12/15-52-16/job0_trainer.devices=4,user=single_user/checkpoints/epoch=40-step=1230.ckpt' as top 1
Epoch 41, global step 1260: 'val/CER' reached 99.24679 (best 99.24679), saving model to '/mnt/SSD1/kartik/emg2qwerty/logs/2025-03-12/15-52-16/job0_trainer.devices=4,user=single_user/checkpoints/epoch=41-step=1260.ckpt' as top 1
Epoch 42, global step 1290: 'val/CER' reached 99.11387 (best 99.11387), saving model to '/mnt/SSD1/kartik/emg2qwerty/logs/2025-03-12/15-52-16/job0_trainer.devices=4,user=single_user/checkpoints/epoch=42-step=1290.ckpt' as top 1
Epoch 43, global step 1320: 'val/CER' was not in top 1
Epoch 44, global step 1350: 'val/CER' reached 99.09171 (best 99.09171), saving model to '/mnt/SSD1/kartik/emg2qwerty/logs/2025-03-12/15-52-16/job0_trainer.devices=4,user=single_user/checkpoints/epoch=44-step=1350.ckpt' as top 1
Epoch 45, global step 1380: 'val/CER' was not in top 1
Epoch 46, global step 1410: 'val/CER' was not in top 1
Epoch 47, global step 1440: 'val/CER' reached 98.71511 (best 98.71511), saving model to '/mnt/SSD1/kartik/emg2qwerty/logs/2025-03-12/15-52-16/job0_trainer.devices=4,user=single_user/checkpoints/epoch=47-step=1440.ckpt' as top 1
Epoch 48, global step 1470: 'val/CER' reached 98.38281 (best 98.38281), saving model to '/mnt/SSD1/kartik/emg2qwerty/logs/2025-03-12/15-52-16/job0_trainer.devices=4,user=single_user/checkpoints/epoch=48-step=1470.ckpt' as top 1
Epoch 49, global step 1500: 'val/CER' was not in top 1
Epoch 50, global step 1530: 'val/CER' was not in top 1
Epoch 51, global step 1560: 'val/CER' was not in top 1
Epoch 52, global step 1590: 'val/CER' reached 98.22774 (best 98.22774), saving model to '/mnt/SSD1/kartik/emg2qwerty/logs/2025-03-12/15-52-16/job0_trainer.devices=4,user=single_user/checkpoints/epoch=52-step=1590.ckpt' as top 1
Epoch 53, global step 1620: 'val/CER' was not in top 1
Epoch 54, global step 1650: 'val/CER' was not in top 1
Epoch 55, global step 1680: 'val/CER' reached 96.74346 (best 96.74346), saving model to '/mnt/SSD1/kartik/emg2qwerty/logs/2025-03-12/15-52-16/job0_trainer.devices=4,user=single_user/checkpoints/epoch=55-step=1680.ckpt' as top 1
Epoch 56, global step 1710: 'val/CER' was not in top 1
Epoch 57, global step 1740: 'val/CER' reached 95.83518 (best 95.83518), saving model to '/mnt/SSD1/kartik/emg2qwerty/logs/2025-03-12/15-52-16/job0_trainer.devices=4,user=single_user/checkpoints/epoch=57-step=1740.ckpt' as top 1
Epoch 58, global step 1770: 'val/CER' was not in top 1
Epoch 59, global step 1800: 'val/CER' reached 95.08197 (best 95.08197), saving model to '/mnt/SSD1/kartik/emg2qwerty/logs/2025-03-12/15-52-16/job0_trainer.devices=4,user=single_user/checkpoints/epoch=59-step=1800.ckpt' as top 1
Epoch 60, global step 1830: 'val/CER' reached 94.88259 (best 94.88259), saving model to '/mnt/SSD1/kartik/emg2qwerty/logs/2025-03-12/15-52-16/job0_trainer.devices=4,user=single_user/checkpoints/epoch=60-step=1830.ckpt' as top 1
Epoch 61, global step 1860: 'val/CER' was not in top 1
Epoch 62, global step 1890: 'val/CER' reached 94.83828 (best 94.83828), saving model to '/mnt/SSD1/kartik/emg2qwerty/logs/2025-03-12/15-52-16/job0_trainer.devices=4,user=single_user/checkpoints/epoch=62-step=1890.ckpt' as top 1
Epoch 63, global step 1920: 'val/CER' reached 93.04386 (best 93.04386), saving model to '/mnt/SSD1/kartik/emg2qwerty/logs/2025-03-12/15-52-16/job0_trainer.devices=4,user=single_user/checkpoints/epoch=63-step=1920.ckpt' as top 1
Epoch 64, global step 1950: 'val/CER' reached 92.09127 (best 92.09127), saving model to '/mnt/SSD1/kartik/emg2qwerty/logs/2025-03-12/15-52-16/job0_trainer.devices=4,user=single_user/checkpoints/epoch=64-step=1950.ckpt' as top 1
Epoch 65, global step 1980: 'val/CER' was not in top 1
Epoch 66, global step 2010: 'val/CER' reached 88.76828 (best 88.76828), saving model to '/mnt/SSD1/kartik/emg2qwerty/logs/2025-03-12/15-52-16/job0_trainer.devices=4,user=single_user/checkpoints/epoch=66-step=2010.ckpt' as top 1
Epoch 67, global step 2040: 'val/CER' was not in top 1
Epoch 68, global step 2070: 'val/CER' reached 86.37572 (best 86.37572), saving model to '/mnt/SSD1/kartik/emg2qwerty/logs/2025-03-12/15-52-16/job0_trainer.devices=4,user=single_user/checkpoints/epoch=68-step=2070.ckpt' as top 1
Epoch 69, global step 2100: 'val/CER' was not in top 1
Epoch 70, global step 2130: 'val/CER' was not in top 1
Epoch 71, global step 2160: 'val/CER' reached 83.96101 (best 83.96101), saving model to '/mnt/SSD1/kartik/emg2qwerty/logs/2025-03-12/15-52-16/job0_trainer.devices=4,user=single_user/checkpoints/epoch=71-step=2160.ckpt' as top 1
Epoch 72, global step 2190: 'val/CER' was not in top 1
Epoch 73, global step 2220: 'val/CER' was not in top 1
Epoch 74, global step 2250: 'val/CER' was not in top 1
Epoch 75, global step 2280: 'val/CER' reached 82.87550 (best 82.87550), saving model to '/mnt/SSD1/kartik/emg2qwerty/logs/2025-03-12/15-52-16/job0_trainer.devices=4,user=single_user/checkpoints/epoch=75-step=2280.ckpt' as top 1
Epoch 76, global step 2310: 'val/CER' reached 82.52104 (best 82.52104), saving model to '/mnt/SSD1/kartik/emg2qwerty/logs/2025-03-12/15-52-16/job0_trainer.devices=4,user=single_user/checkpoints/epoch=76-step=2310.ckpt' as top 1
Epoch 77, global step 2340: 'val/CER' was not in top 1
Epoch 78, global step 2370: 'val/CER' reached 82.05582 (best 82.05582), saving model to '/mnt/SSD1/kartik/emg2qwerty/logs/2025-03-12/15-52-16/job0_trainer.devices=4,user=single_user/checkpoints/epoch=78-step=2370.ckpt' as top 1
Epoch 79, global step 2400: 'val/CER' reached 78.68852 (best 78.68852), saving model to '/mnt/SSD1/kartik/emg2qwerty/logs/2025-03-12/15-52-16/job0_trainer.devices=4,user=single_user/checkpoints/epoch=79-step=2400.ckpt' as top 1
Epoch 80, global step 2430: 'val/CER' was not in top 1
Epoch 81, global step 2460: 'val/CER' was not in top 1
Epoch 82, global step 2490: 'val/CER' was not in top 1
Epoch 83, global step 2520: 'val/CER' reached 78.17900 (best 78.17900), saving model to '/mnt/SSD1/kartik/emg2qwerty/logs/2025-03-12/15-52-16/job0_trainer.devices=4,user=single_user/checkpoints/epoch=83-step=2520.ckpt' as top 1
Epoch 84, global step 2550: 'val/CER' was not in top 1
Epoch 85, global step 2580: 'val/CER' was not in top 1
Epoch 86, global step 2610: 'val/CER' reached 77.89101 (best 77.89101), saving model to '/mnt/SSD1/kartik/emg2qwerty/logs/2025-03-12/15-52-16/job0_trainer.devices=4,user=single_user/checkpoints/epoch=86-step=2610.ckpt' as top 1
Epoch 87, global step 2640: 'val/CER' was not in top 1
Epoch 88, global step 2670: 'val/CER' reached 72.68498 (best 72.68498), saving model to '/mnt/SSD1/kartik/emg2qwerty/logs/2025-03-12/15-52-16/job0_trainer.devices=4,user=single_user/checkpoints/epoch=88-step=2670.ckpt' as top 1
Epoch 89, global step 2700: 'val/CER' was not in top 1
Epoch 90, global step 2730: 'val/CER' was not in top 1
Epoch 91, global step 2760: 'val/CER' was not in top 1
Epoch 92, global step 2790: 'val/CER' reached 68.69739 (best 68.69739), saving model to '/mnt/SSD1/kartik/emg2qwerty/logs/2025-03-12/15-52-16/job0_trainer.devices=4,user=single_user/checkpoints/epoch=92-step=2790.ckpt' as top 1
Epoch 93, global step 2820: 'val/CER' was not in top 1
Epoch 94, global step 2850: 'val/CER' reached 68.60877 (best 68.60877), saving model to '/mnt/SSD1/kartik/emg2qwerty/logs/2025-03-12/15-52-16/job0_trainer.devices=4,user=single_user/checkpoints/epoch=94-step=2850.ckpt' as top 1
Epoch 95, global step 2880: 'val/CER' reached 68.27647 (best 68.27647), saving model to '/mnt/SSD1/kartik/emg2qwerty/logs/2025-03-12/15-52-16/job0_trainer.devices=4,user=single_user/checkpoints/epoch=95-step=2880.ckpt' as top 1
Epoch 96, global step 2910: 'val/CER' reached 67.74480 (best 67.74480), saving model to '/mnt/SSD1/kartik/emg2qwerty/logs/2025-03-12/15-52-16/job0_trainer.devices=4,user=single_user/checkpoints/epoch=96-step=2910.ckpt' as top 1
Epoch 97, global step 2940: 'val/CER' reached 64.15596 (best 64.15596), saving model to '/mnt/SSD1/kartik/emg2qwerty/logs/2025-03-12/15-52-16/job0_trainer.devices=4,user=single_user/checkpoints/epoch=97-step=2940.ckpt' as top 1
Epoch 98, global step 2970: 'val/CER' was not in top 1
Epoch 99, global step 3000: 'val/CER' was not in top 1
Epoch 100, global step 3030: 'val/CER' was not in top 1
Epoch 101, global step 3060: 'val/CER' reached 61.89632 (best 61.89632), saving model to '/mnt/SSD1/kartik/emg2qwerty/logs/2025-03-12/15-52-16/job0_trainer.devices=4,user=single_user/checkpoints/epoch=101-step=3060.ckpt' as top 1
Epoch 102, global step 3090: 'val/CER' was not in top 1
Epoch 103, global step 3120: 'val/CER' reached 58.35180 (best 58.35180), saving model to '/mnt/SSD1/kartik/emg2qwerty/logs/2025-03-12/15-52-16/job0_trainer.devices=4,user=single_user/checkpoints/epoch=103-step=3120.ckpt' as top 1
Epoch 104, global step 3150: 'val/CER' was not in top 1
Epoch 105, global step 3180: 'val/CER' reached 57.66504 (best 57.66504), saving model to '/mnt/SSD1/kartik/emg2qwerty/logs/2025-03-12/15-52-16/job0_trainer.devices=4,user=single_user/checkpoints/epoch=105-step=3180.ckpt' as top 1
Epoch 106, global step 3210: 'val/CER' reached 56.84537 (best 56.84537), saving model to '/mnt/SSD1/kartik/emg2qwerty/logs/2025-03-12/15-52-16/job0_trainer.devices=4,user=single_user/checkpoints/epoch=106-step=3210.ckpt' as top 1
Epoch 107, global step 3240: 'val/CER' was not in top 1
Epoch 108, global step 3270: 'val/CER' reached 55.93708 (best 55.93708), saving model to '/mnt/SSD1/kartik/emg2qwerty/logs/2025-03-12/15-52-16/job0_trainer.devices=4,user=single_user/checkpoints/epoch=108-step=3270.ckpt' as top 1
Epoch 109, global step 3300: 'val/CER' reached 52.92424 (best 52.92424), saving model to '/mnt/SSD1/kartik/emg2qwerty/logs/2025-03-12/15-52-16/job0_trainer.devices=4,user=single_user/checkpoints/epoch=109-step=3300.ckpt' as top 1
Epoch 110, global step 3330: 'val/CER' was not in top 1
Epoch 111, global step 3360: 'val/CER' was not in top 1
Epoch 112, global step 3390: 'val/CER' reached 52.03811 (best 52.03811), saving model to '/mnt/SSD1/kartik/emg2qwerty/logs/2025-03-12/15-52-16/job0_trainer.devices=4,user=single_user/checkpoints/epoch=112-step=3390.ckpt' as top 1
Epoch 113, global step 3420: 'val/CER' was not in top 1
Epoch 114, global step 3450: 'val/CER' reached 50.79752 (best 50.79752), saving model to '/mnt/SSD1/kartik/emg2qwerty/logs/2025-03-12/15-52-16/job0_trainer.devices=4,user=single_user/checkpoints/epoch=114-step=3450.ckpt' as top 1
Epoch 115, global step 3480: 'val/CER' reached 49.88923 (best 49.88923), saving model to '/mnt/SSD1/kartik/emg2qwerty/logs/2025-03-12/15-52-16/job0_trainer.devices=4,user=single_user/checkpoints/epoch=115-step=3480.ckpt' as top 1
Epoch 116, global step 3510: 'val/CER' was not in top 1
Epoch 117, global step 3540: 'val/CER' reached 49.73416 (best 49.73416), saving model to '/mnt/SSD1/kartik/emg2qwerty/logs/2025-03-12/15-52-16/job0_trainer.devices=4,user=single_user/checkpoints/epoch=117-step=3540.ckpt' as top 1
Epoch 118, global step 3570: 'val/CER' reached 48.09481 (best 48.09481), saving model to '/mnt/SSD1/kartik/emg2qwerty/logs/2025-03-12/15-52-16/job0_trainer.devices=4,user=single_user/checkpoints/epoch=118-step=3570.ckpt' as top 1
Epoch 119, global step 3600: 'val/CER' was not in top 1
Epoch 120, global step 3630: 'val/CER' reached 47.98405 (best 47.98405), saving model to '/mnt/SSD1/kartik/emg2qwerty/logs/2025-03-12/15-52-16/job0_trainer.devices=4,user=single_user/checkpoints/epoch=120-step=3630.ckpt' as top 1
Epoch 121, global step 3660: 'val/CER' reached 46.61055 (best 46.61055), saving model to '/mnt/SSD1/kartik/emg2qwerty/logs/2025-03-12/15-52-16/job0_trainer.devices=4,user=single_user/checkpoints/epoch=121-step=3660.ckpt' as top 1
Epoch 122, global step 3690: 'val/CER' was not in top 1
Epoch 123, global step 3720: 'val/CER' reached 46.49978 (best 46.49978), saving model to '/mnt/SSD1/kartik/emg2qwerty/logs/2025-03-12/15-52-16/job0_trainer.devices=4,user=single_user/checkpoints/epoch=123-step=3720.ckpt' as top 1
Epoch 124, global step 3750: 'val/CER' was not in top 1
Epoch 125, global step 3780: 'val/CER' reached 45.25919 (best 45.25919), saving model to '/mnt/SSD1/kartik/emg2qwerty/logs/2025-03-12/15-52-16/job0_trainer.devices=4,user=single_user/checkpoints/epoch=125-step=3780.ckpt' as top 1
Epoch 126, global step 3810: 'val/CER' was not in top 1
Epoch 127, global step 3840: 'val/CER' reached 44.57244 (best 44.57244), saving model to '/mnt/SSD1/kartik/emg2qwerty/logs/2025-03-12/15-52-16/job0_trainer.devices=4,user=single_user/checkpoints/epoch=127-step=3840.ckpt' as top 1
Epoch 128, global step 3870: 'val/CER' reached 44.17368 (best 44.17368), saving model to '/mnt/SSD1/kartik/emg2qwerty/logs/2025-03-12/15-52-16/job0_trainer.devices=4,user=single_user/checkpoints/epoch=128-step=3870.ckpt' as top 1
Epoch 129, global step 3900: 'val/CER' was not in top 1
Epoch 130, global step 3930: 'val/CER' reached 44.04076 (best 44.04076), saving model to '/mnt/SSD1/kartik/emg2qwerty/logs/2025-03-12/15-52-16/job0_trainer.devices=4,user=single_user/checkpoints/epoch=130-step=3930.ckpt' as top 1
Epoch 131, global step 3960: 'val/CER' was not in top 1
Epoch 132, global step 3990: 'val/CER' reached 43.97430 (best 43.97430), saving model to '/mnt/SSD1/kartik/emg2qwerty/logs/2025-03-12/15-52-16/job0_trainer.devices=4,user=single_user/checkpoints/epoch=132-step=3990.ckpt' as top 1
Epoch 133, global step 4020: 'val/CER' reached 43.06602 (best 43.06602), saving model to '/mnt/SSD1/kartik/emg2qwerty/logs/2025-03-12/15-52-16/job0_trainer.devices=4,user=single_user/checkpoints/epoch=133-step=4020.ckpt' as top 1
Epoch 134, global step 4050: 'val/CER' was not in top 1
Epoch 135, global step 4080: 'val/CER' was not in top 1
Epoch 136, global step 4110: 'val/CER' was not in top 1
Epoch 137, global step 4140: 'val/CER' was not in top 1
Epoch 138, global step 4170: 'val/CER' was not in top 1
Epoch 139, global step 4200: 'val/CER' reached 42.77802 (best 42.77802), saving model to '/mnt/SSD1/kartik/emg2qwerty/logs/2025-03-12/15-52-16/job0_trainer.devices=4,user=single_user/checkpoints/epoch=139-step=4200.ckpt' as top 1
Epoch 140, global step 4230: 'val/CER' was not in top 1
Epoch 141, global step 4260: 'val/CER' was not in top 1
Epoch 142, global step 4290: 'val/CER' was not in top 1
Epoch 143, global step 4320: 'val/CER' was not in top 1
Epoch 144, global step 4350: 'val/CER' was not in top 1
Epoch 145, global step 4380: 'val/CER' was not in top 1
Epoch 146, global step 4410: 'val/CER' was not in top 1
Epoch 147, global step 4440: 'val/CER' was not in top 1
Epoch 148, global step 4470: 'val/CER' was not in top 1
Epoch 149, global step 4500: 'val/CER' was not in top 1
`Trainer.fit` stopped: `max_epochs=150` reached.
Initializing distributed: GLOBAL_RANK: 2, MEMBER: 3/4
Initializing distributed: GLOBAL_RANK: 0, MEMBER: 1/4
Initializing distributed: GLOBAL_RANK: 1, MEMBER: 2/4
Initializing distributed: GLOBAL_RANK: 3, MEMBER: 4/4
----------------------------------------------------------------------------------------------------
distributed_backend=nccl
All distributed processes registered. Starting with 4 processes
----------------------------------------------------------------------------------------------------

LOCAL_RANK: 2 - CUDA_VISIBLE_DEVICES: [0,1,2,3]
LOCAL_RANK: 1 - CUDA_VISIBLE_DEVICES: [0,1,2,3]
LOCAL_RANK: 0 - CUDA_VISIBLE_DEVICES: [0,1,2,3]
LOCAL_RANK: 3 - CUDA_VISIBLE_DEVICES: [0,1,2,3]
/home/kartik/miniconda3/envs/emg2qwerty/lib/python3.11/site-packages/pytorch_lightning/trainer/connectors/data_connector.py:315: PossibleUserWarning: Using `DistributedSampler` with the dataloaders. During `trainer.validate()`, it is recommended to use `Trainer(devices=1, num_nodes=1)` to ensure each sample/batch gets evaluated exactly once. Otherwise, multi-device settings use `DistributedSampler` that replicates some samples to make sure all devices have same batch size in case of uneven inputs.
  rank_zero_warn(
Initializing distributed: GLOBAL_RANK: 2, MEMBER: 3/4
Initializing distributed: GLOBAL_RANK: 1, MEMBER: 2/4
Initializing distributed: GLOBAL_RANK: 0, MEMBER: 1/4
Initializing distributed: GLOBAL_RANK: 3, MEMBER: 4/4
----------------------------------------------------------------------------------------------------
distributed_backend=nccl
All distributed processes registered. Starting with 4 processes
----------------------------------------------------------------------------------------------------

LOCAL_RANK: 2 - CUDA_VISIBLE_DEVICES: [0,1,2,3]
LOCAL_RANK: 3 - CUDA_VISIBLE_DEVICES: [0,1,2,3]
LOCAL_RANK: 1 - CUDA_VISIBLE_DEVICES: [0,1,2,3]
LOCAL_RANK: 0 - CUDA_VISIBLE_DEVICES: [0,1,2,3]
/home/kartik/miniconda3/envs/emg2qwerty/lib/python3.11/site-packages/pytorch_lightning/trainer/connectors/data_connector.py:315: PossibleUserWarning: Using `DistributedSampler` with the dataloaders. During `trainer.test()`, it is recommended to use `Trainer(devices=1, num_nodes=1)` to ensure each sample/batch gets evaluated exactly once. Otherwise, multi-device settings use `DistributedSampler` that replicates some samples to make sure all devices have same batch size in case of uneven inputs.
  rank_zero_warn(
