Global seed set to 1501
GPU available: True (cuda), used: True
TPU available: False, using: 0 TPU cores
IPU available: False, using: 0 IPUs
HPU available: False, using: 0 HPUs
Initializing distributed: GLOBAL_RANK: 1, MEMBER: 2/4
Initializing distributed: GLOBAL_RANK: 0, MEMBER: 1/4
Initializing distributed: GLOBAL_RANK: 3, MEMBER: 4/4
Initializing distributed: GLOBAL_RANK: 2, MEMBER: 3/4
Missing logger folder: /home/yigit/codebase/emg2qwerty/logs/2025-03-11/22-26-25/job0_trainer.devices=4,trainer.max_epochs=200,user=single_user/lightning_logs
----------------------------------------------------------------------------------------------------
distributed_backend=nccl
All distributed processes registered. Starting with 4 processes
----------------------------------------------------------------------------------------------------

Missing logger folder: /home/yigit/codebase/emg2qwerty/logs/2025-03-11/22-26-25/job0_trainer.devices=4,trainer.max_epochs=200,user=single_user/lightning_logs
Missing logger folder: /home/yigit/codebase/emg2qwerty/logs/2025-03-11/22-26-25/job0_trainer.devices=4,trainer.max_epochs=200,user=single_user/lightning_logs
Missing logger folder: /home/yigit/codebase/emg2qwerty/logs/2025-03-11/22-26-25/job0_trainer.devices=4,trainer.max_epochs=200,user=single_user/lightning_logs
LOCAL_RANK: 0 - CUDA_VISIBLE_DEVICES: [0,1,2,3]
LOCAL_RANK: 2 - CUDA_VISIBLE_DEVICES: [0,1,2,3]
LOCAL_RANK: 1 - CUDA_VISIBLE_DEVICES: [0,1,2,3]
LOCAL_RANK: 3 - CUDA_VISIBLE_DEVICES: [0,1,2,3]
/home/yigit/anaconda3/envs/emg2qwerty/lib/python3.10/site-packages/pl_bolts/__init__.py:11: FutureWarning: In the future `np.object` will be defined as the corresponding NumPy scalar.
  if not hasattr(numpy, tp_name):
/home/yigit/anaconda3/envs/emg2qwerty/lib/python3.10/site-packages/pl_bolts/__init__.py:11: FutureWarning: In the future `np.bool` will be defined as the corresponding NumPy scalar.
  if not hasattr(numpy, tp_name):
/home/yigit/anaconda3/envs/emg2qwerty/lib/python3.10/site-packages/pl_bolts/__init__.py:11: FutureWarning: In the future `np.object` will be defined as the corresponding NumPy scalar.
  if not hasattr(numpy, tp_name):
/home/yigit/anaconda3/envs/emg2qwerty/lib/python3.10/site-packages/pl_bolts/__init__.py:11: FutureWarning: In the future `np.bool` will be defined as the corresponding NumPy scalar.
  if not hasattr(numpy, tp_name):
/home/yigit/anaconda3/envs/emg2qwerty/lib/python3.10/site-packages/pl_bolts/__init__.py:11: FutureWarning: In the future `np.object` will be defined as the corresponding NumPy scalar.
  if not hasattr(numpy, tp_name):
/home/yigit/anaconda3/envs/emg2qwerty/lib/python3.10/site-packages/pl_bolts/__init__.py:11: FutureWarning: In the future `np.bool` will be defined as the corresponding NumPy scalar.
  if not hasattr(numpy, tp_name):
/home/yigit/anaconda3/envs/emg2qwerty/lib/python3.10/site-packages/pl_bolts/__init__.py:11: FutureWarning: In the future `np.object` will be defined as the corresponding NumPy scalar.
  if not hasattr(numpy, tp_name):
/home/yigit/anaconda3/envs/emg2qwerty/lib/python3.10/site-packages/pl_bolts/__init__.py:11: FutureWarning: In the future `np.bool` will be defined as the corresponding NumPy scalar.
  if not hasattr(numpy, tp_name):
/home/yigit/anaconda3/envs/emg2qwerty/lib/python3.10/site-packages/pl_bolts/models/self_supervised/amdim/amdim_module.py:34: UnderReviewWarning: The feature generate_power_seq is currently marked under review. The compatibility with other Lightning projects is not guaranteed and API may change at any time. The API and functionality may change without warning in future releases. More details: https://lightning-bolts.readthedocs.io/en/latest/stability.html
  "lr_options": generate_power_seq(LEARNING_RATE_CIFAR, 11),
/home/yigit/anaconda3/envs/emg2qwerty/lib/python3.10/site-packages/pl_bolts/models/self_supervised/amdim/amdim_module.py:92: UnderReviewWarning: The feature FeatureMapContrastiveTask is currently marked under review. The compatibility with other Lightning projects is not guaranteed and API may change at any time. The API and functionality may change without warning in future releases. More details: https://lightning-bolts.readthedocs.io/en/latest/stability.html
  contrastive_task: Union[FeatureMapContrastiveTask] = FeatureMapContrastiveTask("01, 02, 11"),
/home/yigit/anaconda3/envs/emg2qwerty/lib/python3.10/site-packages/pl_bolts/losses/self_supervised_learning.py:228: UnderReviewWarning: The feature AmdimNCELoss is currently marked under review. The compatibility with other Lightning projects is not guaranteed and API may change at any time. The API and functionality may change without warning in future releases. More details: https://lightning-bolts.readthedocs.io/en/latest/stability.html
  self.nce_loss = AmdimNCELoss(tclip)
/home/yigit/anaconda3/envs/emg2qwerty/lib/python3.10/site-packages/hydra/_internal/instantiate/_instantiate2.py:92: UnderReviewWarning: The feature LinearWarmupCosineAnnealingLR is currently marked under review. The compatibility with other Lightning projects is not guaranteed and API may change at any time. The API and functionality may change without warning in future releases. More details: https://lightning-bolts.readthedocs.io/en/latest/stability.html
  return _target_(*args, **kwargs)

  | Name          | Type              | Params
----------------------------------------------------
0 | spec_norm     | SpectrogramNorm   | 64    
1 | cnn1          | Sequential        | 133 K 
2 | lstm1         | LSTM              | 9.5 M 
3 | cnn2          | Sequential        | 228 K 
4 | lstm2         | LSTM              | 9.5 M 
5 | projection    | Sequential        | 287 K 
6 | adaptive_pool | AdaptiveAvgPool1d | 0     
7 | ctc_loss      | CTCLoss           | 0     
8 | metrics       | ModuleDict        | 0     
----------------------------------------------------
19.6 M    Trainable params
0         Non-trainable params
19.6 M    Total params
78.229    Total estimated model params size (MB)
/home/yigit/anaconda3/envs/emg2qwerty/lib/python3.10/site-packages/torch/nn/modules/conv.py:306: UserWarning: Plan failed with a cudnnException: CUDNN_BACKEND_EXECUTION_PLAN_DESCRIPTOR: cudnnFinalize Descriptor Failed cudnn_status: CUDNN_STATUS_NOT_SUPPORTED (Triggered internally at /opt/conda/conda-bld/pytorch_1712608935911/work/aten/src/ATen/native/cudnn/Conv_v8.cpp:919.)
  return F.conv1d(input, weight, bias, self.stride,
/home/yigit/anaconda3/envs/emg2qwerty/lib/python3.10/site-packages/torch/nn/modules/conv.py:306: UserWarning: Plan failed with a cudnnException: CUDNN_BACKEND_EXECUTION_PLAN_DESCRIPTOR: cudnnFinalize Descriptor Failed cudnn_status: CUDNN_STATUS_NOT_SUPPORTED (Triggered internally at /opt/conda/conda-bld/pytorch_1712608935911/work/aten/src/ATen/native/cudnn/Conv_v8.cpp:919.)
  return F.conv1d(input, weight, bias, self.stride,
/home/yigit/anaconda3/envs/emg2qwerty/lib/python3.10/site-packages/torch/nn/modules/conv.py:306: UserWarning: Plan failed with a cudnnException: CUDNN_BACKEND_EXECUTION_PLAN_DESCRIPTOR: cudnnFinalize Descriptor Failed cudnn_status: CUDNN_STATUS_NOT_SUPPORTED (Triggered internally at /opt/conda/conda-bld/pytorch_1712608935911/work/aten/src/ATen/native/cudnn/Conv_v8.cpp:919.)
  return F.conv1d(input, weight, bias, self.stride,
/home/yigit/anaconda3/envs/emg2qwerty/lib/python3.10/site-packages/torch/nn/modules/conv.py:306: UserWarning: Plan failed with a cudnnException: CUDNN_BACKEND_EXECUTION_PLAN_DESCRIPTOR: cudnnFinalize Descriptor Failed cudnn_status: CUDNN_STATUS_NOT_SUPPORTED (Triggered internally at /opt/conda/conda-bld/pytorch_1712608935911/work/aten/src/ATen/native/cudnn/Conv_v8.cpp:919.)
  return F.conv1d(input, weight, bias, self.stride,
/home/yigit/anaconda3/envs/emg2qwerty/lib/python3.10/site-packages/pytorch_lightning/trainer/trainer.py:1595: PossibleUserWarning: The number of training batches (30) is smaller than the logging interval Trainer(log_every_n_steps=50). Set a lower value for log_every_n_steps if you want to see logs for the training epoch.
  rank_zero_warn(
[rank3]:[W reducer.cpp:1389] Warning: find_unused_parameters=True was specified in DDP constructor, but did not find any unused parameters in the forward pass. This flag results in an extra traversal of the autograd graph every iteration,  which can adversely affect performance. If your model indeed never has any unused parameters in the forward pass, consider turning this flag off. Note that this warning may be a false positive if your model has flow control causing later iterations to have unused parameters. (function operator())
[rank1]:[W reducer.cpp:1389] Warning: find_unused_parameters=True was specified in DDP constructor, but did not find any unused parameters in the forward pass. This flag results in an extra traversal of the autograd graph every iteration,  which can adversely affect performance. If your model indeed never has any unused parameters in the forward pass, consider turning this flag off. Note that this warning may be a false positive if your model has flow control causing later iterations to have unused parameters. (function operator())
[rank0]:[W reducer.cpp:1389] Warning: find_unused_parameters=True was specified in DDP constructor, but did not find any unused parameters in the forward pass. This flag results in an extra traversal of the autograd graph every iteration,  which can adversely affect performance. If your model indeed never has any unused parameters in the forward pass, consider turning this flag off. Note that this warning may be a false positive if your model has flow control causing later iterations to have unused parameters. (function operator())
[rank2]:[W reducer.cpp:1389] Warning: find_unused_parameters=True was specified in DDP constructor, but did not find any unused parameters in the forward pass. This flag results in an extra traversal of the autograd graph every iteration,  which can adversely affect performance. If your model indeed never has any unused parameters in the forward pass, consider turning this flag off. Note that this warning may be a false positive if your model has flow control causing later iterations to have unused parameters. (function operator())
Epoch 0, global step 30: 'val/CER' reached 96.52193 (best 96.52193), saving model to '/home/yigit/codebase/emg2qwerty/logs/2025-03-11/22-26-25/job0_trainer.devices=4,trainer.max_epochs=200,user=single_user/checkpoints/epoch=0-step=30.ckpt' as top 1
Epoch 1, global step 60: 'val/CER' was not in top 1
Epoch 2, global step 90: 'val/CER' was not in top 1
Epoch 3, global step 120: 'val/CER' was not in top 1
Epoch 4, global step 150: 'val/CER' was not in top 1
Epoch 5, global step 180: 'val/CER' was not in top 1
Epoch 6, global step 210: 'val/CER' was not in top 1
Epoch 7, global step 240: 'val/CER' was not in top 1
Epoch 8, global step 270: 'val/CER' was not in top 1
Epoch 9, global step 300: 'val/CER' reached 90.09747 (best 90.09747), saving model to '/home/yigit/codebase/emg2qwerty/logs/2025-03-11/22-26-25/job0_trainer.devices=4,trainer.max_epochs=200,user=single_user/checkpoints/epoch=9-step=300.ckpt' as top 1
Epoch 10, global step 330: 'val/CER' reached 77.60301 (best 77.60301), saving model to '/home/yigit/codebase/emg2qwerty/logs/2025-03-11/22-26-25/job0_trainer.devices=4,trainer.max_epochs=200,user=single_user/checkpoints/epoch=10-step=330.ckpt' as top 1
Epoch 11, global step 360: 'val/CER' reached 69.76074 (best 69.76074), saving model to '/home/yigit/codebase/emg2qwerty/logs/2025-03-11/22-26-25/job0_trainer.devices=4,trainer.max_epochs=200,user=single_user/checkpoints/epoch=11-step=360.ckpt' as top 1
Epoch 12, global step 390: 'val/CER' reached 69.00753 (best 69.00753), saving model to '/home/yigit/codebase/emg2qwerty/logs/2025-03-11/22-26-25/job0_trainer.devices=4,trainer.max_epochs=200,user=single_user/checkpoints/epoch=12-step=390.ckpt' as top 1
Epoch 13, global step 420: 'val/CER' reached 63.62428 (best 63.62428), saving model to '/home/yigit/codebase/emg2qwerty/logs/2025-03-11/22-26-25/job0_trainer.devices=4,trainer.max_epochs=200,user=single_user/checkpoints/epoch=13-step=420.ckpt' as top 1
Epoch 14, global step 450: 'val/CER' was not in top 1
Epoch 15, global step 480: 'val/CER' reached 58.72840 (best 58.72840), saving model to '/home/yigit/codebase/emg2qwerty/logs/2025-03-11/22-26-25/job0_trainer.devices=4,trainer.max_epochs=200,user=single_user/checkpoints/epoch=15-step=480.ckpt' as top 1
Epoch 16, global step 510: 'val/CER' reached 56.15862 (best 56.15862), saving model to '/home/yigit/codebase/emg2qwerty/logs/2025-03-11/22-26-25/job0_trainer.devices=4,trainer.max_epochs=200,user=single_user/checkpoints/epoch=16-step=510.ckpt' as top 1
Epoch 17, global step 540: 'val/CER' reached 55.16172 (best 55.16172), saving model to '/home/yigit/codebase/emg2qwerty/logs/2025-03-11/22-26-25/job0_trainer.devices=4,trainer.max_epochs=200,user=single_user/checkpoints/epoch=17-step=540.ckpt' as top 1
Epoch 18, global step 570: 'val/CER' reached 54.20913 (best 54.20913), saving model to '/home/yigit/codebase/emg2qwerty/logs/2025-03-11/22-26-25/job0_trainer.devices=4,trainer.max_epochs=200,user=single_user/checkpoints/epoch=18-step=570.ckpt' as top 1
Epoch 19, global step 600: 'val/CER' reached 49.73416 (best 49.73416), saving model to '/home/yigit/codebase/emg2qwerty/logs/2025-03-11/22-26-25/job0_trainer.devices=4,trainer.max_epochs=200,user=single_user/checkpoints/epoch=19-step=600.ckpt' as top 1
Epoch 20, global step 630: 'val/CER' reached 45.32565 (best 45.32565), saving model to '/home/yigit/codebase/emg2qwerty/logs/2025-03-11/22-26-25/job0_trainer.devices=4,trainer.max_epochs=200,user=single_user/checkpoints/epoch=20-step=630.ckpt' as top 1
Epoch 21, global step 660: 'val/CER' was not in top 1
Epoch 22, global step 690: 'val/CER' reached 42.77802 (best 42.77802), saving model to '/home/yigit/codebase/emg2qwerty/logs/2025-03-11/22-26-25/job0_trainer.devices=4,trainer.max_epochs=200,user=single_user/checkpoints/epoch=22-step=690.ckpt' as top 1
Epoch 23, global step 720: 'val/CER' reached 39.45503 (best 39.45503), saving model to '/home/yigit/codebase/emg2qwerty/logs/2025-03-11/22-26-25/job0_trainer.devices=4,trainer.max_epochs=200,user=single_user/checkpoints/epoch=23-step=720.ckpt' as top 1
Epoch 24, global step 750: 'val/CER' reached 38.32521 (best 38.32521), saving model to '/home/yigit/codebase/emg2qwerty/logs/2025-03-11/22-26-25/job0_trainer.devices=4,trainer.max_epochs=200,user=single_user/checkpoints/epoch=24-step=750.ckpt' as top 1
Epoch 25, global step 780: 'val/CER' reached 36.73017 (best 36.73017), saving model to '/home/yigit/codebase/emg2qwerty/logs/2025-03-11/22-26-25/job0_trainer.devices=4,trainer.max_epochs=200,user=single_user/checkpoints/epoch=25-step=780.ckpt' as top 1
Epoch 26, global step 810: 'val/CER' reached 33.98316 (best 33.98316), saving model to '/home/yigit/codebase/emg2qwerty/logs/2025-03-11/22-26-25/job0_trainer.devices=4,trainer.max_epochs=200,user=single_user/checkpoints/epoch=26-step=810.ckpt' as top 1
Epoch 27, global step 840: 'val/CER' was not in top 1
Epoch 28, global step 870: 'val/CER' reached 32.54320 (best 32.54320), saving model to '/home/yigit/codebase/emg2qwerty/logs/2025-03-11/22-26-25/job0_trainer.devices=4,trainer.max_epochs=200,user=single_user/checkpoints/epoch=28-step=870.ckpt' as top 1
Epoch 29, global step 900: 'val/CER' reached 31.72353 (best 31.72353), saving model to '/home/yigit/codebase/emg2qwerty/logs/2025-03-11/22-26-25/job0_trainer.devices=4,trainer.max_epochs=200,user=single_user/checkpoints/epoch=29-step=900.ckpt' as top 1
Epoch 30, global step 930: 'val/CER' reached 31.12539 (best 31.12539), saving model to '/home/yigit/codebase/emg2qwerty/logs/2025-03-11/22-26-25/job0_trainer.devices=4,trainer.max_epochs=200,user=single_user/checkpoints/epoch=30-step=930.ckpt' as top 1
Epoch 31, global step 960: 'val/CER' was not in top 1
Epoch 32, global step 990: 'val/CER' reached 30.35002 (best 30.35002), saving model to '/home/yigit/codebase/emg2qwerty/logs/2025-03-11/22-26-25/job0_trainer.devices=4,trainer.max_epochs=200,user=single_user/checkpoints/epoch=32-step=990.ckpt' as top 1
Epoch 33, global step 1020: 'val/CER' reached 28.22330 (best 28.22330), saving model to '/home/yigit/codebase/emg2qwerty/logs/2025-03-11/22-26-25/job0_trainer.devices=4,trainer.max_epochs=200,user=single_user/checkpoints/epoch=33-step=1020.ckpt' as top 1
Epoch 34, global step 1050: 'val/CER' was not in top 1
Epoch 35, global step 1080: 'val/CER' was not in top 1
Epoch 36, global step 1110: 'val/CER' reached 28.11254 (best 28.11254), saving model to '/home/yigit/codebase/emg2qwerty/logs/2025-03-11/22-26-25/job0_trainer.devices=4,trainer.max_epochs=200,user=single_user/checkpoints/epoch=36-step=1110.ckpt' as top 1
Epoch 37, global step 1140: 'val/CER' reached 27.53655 (best 27.53655), saving model to '/home/yigit/codebase/emg2qwerty/logs/2025-03-11/22-26-25/job0_trainer.devices=4,trainer.max_epochs=200,user=single_user/checkpoints/epoch=37-step=1140.ckpt' as top 1
Epoch 38, global step 1170: 'val/CER' reached 27.20425 (best 27.20425), saving model to '/home/yigit/codebase/emg2qwerty/logs/2025-03-11/22-26-25/job0_trainer.devices=4,trainer.max_epochs=200,user=single_user/checkpoints/epoch=38-step=1170.ckpt' as top 1
Epoch 39, global step 1200: 'val/CER' reached 25.07754 (best 25.07754), saving model to '/home/yigit/codebase/emg2qwerty/logs/2025-03-11/22-26-25/job0_trainer.devices=4,trainer.max_epochs=200,user=single_user/checkpoints/epoch=39-step=1200.ckpt' as top 1
Epoch 40, global step 1230: 'val/CER' was not in top 1
Epoch 41, global step 1260: 'val/CER' was not in top 1
Epoch 42, global step 1290: 'val/CER' reached 24.90031 (best 24.90031), saving model to '/home/yigit/codebase/emg2qwerty/logs/2025-03-11/22-26-25/job0_trainer.devices=4,trainer.max_epochs=200,user=single_user/checkpoints/epoch=42-step=1290.ckpt' as top 1
Epoch 43, global step 1320: 'val/CER' was not in top 1
Epoch 44, global step 1350: 'val/CER' was not in top 1
Epoch 45, global step 1380: 'val/CER' was not in top 1
Epoch 46, global step 1410: 'val/CER' was not in top 1
Epoch 47, global step 1440: 'val/CER' was not in top 1
Epoch 48, global step 1470: 'val/CER' reached 24.47940 (best 24.47940), saving model to '/home/yigit/codebase/emg2qwerty/logs/2025-03-11/22-26-25/job0_trainer.devices=4,trainer.max_epochs=200,user=single_user/checkpoints/epoch=48-step=1470.ckpt' as top 1
Epoch 49, global step 1500: 'val/CER' reached 24.30217 (best 24.30217), saving model to '/home/yigit/codebase/emg2qwerty/logs/2025-03-11/22-26-25/job0_trainer.devices=4,trainer.max_epochs=200,user=single_user/checkpoints/epoch=49-step=1500.ckpt' as top 1
Epoch 50, global step 1530: 'val/CER' was not in top 1
Epoch 51, global step 1560: 'val/CER' reached 24.25786 (best 24.25786), saving model to '/home/yigit/codebase/emg2qwerty/logs/2025-03-11/22-26-25/job0_trainer.devices=4,trainer.max_epochs=200,user=single_user/checkpoints/epoch=51-step=1560.ckpt' as top 1
Epoch 52, global step 1590: 'val/CER' was not in top 1
Epoch 53, global step 1620: 'val/CER' was not in top 1
Epoch 54, global step 1650: 'val/CER' was not in top 1
Epoch 55, global step 1680: 'val/CER' reached 24.23571 (best 24.23571), saving model to '/home/yigit/codebase/emg2qwerty/logs/2025-03-11/22-26-25/job0_trainer.devices=4,trainer.max_epochs=200,user=single_user/checkpoints/epoch=55-step=1680.ckpt' as top 1
Epoch 56, global step 1710: 'val/CER' was not in top 1
Epoch 57, global step 1740: 'val/CER' reached 24.10279 (best 24.10279), saving model to '/home/yigit/codebase/emg2qwerty/logs/2025-03-11/22-26-25/job0_trainer.devices=4,trainer.max_epochs=200,user=single_user/checkpoints/epoch=57-step=1740.ckpt' as top 1
Epoch 58, global step 1770: 'val/CER' was not in top 1
Epoch 59, global step 1800: 'val/CER' reached 23.34958 (best 23.34958), saving model to '/home/yigit/codebase/emg2qwerty/logs/2025-03-11/22-26-25/job0_trainer.devices=4,trainer.max_epochs=200,user=single_user/checkpoints/epoch=59-step=1800.ckpt' as top 1
Epoch 60, global step 1830: 'val/CER' was not in top 1
Epoch 61, global step 1860: 'val/CER' was not in top 1
Epoch 62, global step 1890: 'val/CER' was not in top 1
Epoch 63, global step 1920: 'val/CER' was not in top 1
Epoch 64, global step 1950: 'val/CER' was not in top 1
Epoch 65, global step 1980: 'val/CER' was not in top 1
Epoch 66, global step 2010: 'val/CER' was not in top 1
Epoch 67, global step 2040: 'val/CER' was not in top 1
Epoch 68, global step 2070: 'val/CER' was not in top 1
Epoch 69, global step 2100: 'val/CER' was not in top 1
Epoch 70, global step 2130: 'val/CER' was not in top 1
Epoch 71, global step 2160: 'val/CER' was not in top 1
Epoch 72, global step 2190: 'val/CER' was not in top 1
Epoch 73, global step 2220: 'val/CER' was not in top 1
Epoch 74, global step 2250: 'val/CER' reached 23.15020 (best 23.15020), saving model to '/home/yigit/codebase/emg2qwerty/logs/2025-03-11/22-26-25/job0_trainer.devices=4,trainer.max_epochs=200,user=single_user/checkpoints/epoch=74-step=2250.ckpt' as top 1
Epoch 75, global step 2280: 'val/CER' was not in top 1
Epoch 76, global step 2310: 'val/CER' was not in top 1
Epoch 77, global step 2340: 'val/CER' reached 22.97297 (best 22.97297), saving model to '/home/yigit/codebase/emg2qwerty/logs/2025-03-11/22-26-25/job0_trainer.devices=4,trainer.max_epochs=200,user=single_user/checkpoints/epoch=77-step=2340.ckpt' as top 1
Epoch 78, global step 2370: 'val/CER' reached 22.77359 (best 22.77359), saving model to '/home/yigit/codebase/emg2qwerty/logs/2025-03-11/22-26-25/job0_trainer.devices=4,trainer.max_epochs=200,user=single_user/checkpoints/epoch=78-step=2370.ckpt' as top 1
Epoch 79, global step 2400: 'val/CER' was not in top 1
Epoch 80, global step 2430: 'val/CER' was not in top 1
Epoch 81, global step 2460: 'val/CER' was not in top 1
Epoch 82, global step 2490: 'val/CER' reached 22.44129 (best 22.44129), saving model to '/home/yigit/codebase/emg2qwerty/logs/2025-03-11/22-26-25/job0_trainer.devices=4,trainer.max_epochs=200,user=single_user/checkpoints/epoch=82-step=2490.ckpt' as top 1
Epoch 83, global step 2520: 'val/CER' reached 22.35268 (best 22.35268), saving model to '/home/yigit/codebase/emg2qwerty/logs/2025-03-11/22-26-25/job0_trainer.devices=4,trainer.max_epochs=200,user=single_user/checkpoints/epoch=83-step=2520.ckpt' as top 1
Epoch 84, global step 2550: 'val/CER' reached 22.19761 (best 22.19761), saving model to '/home/yigit/codebase/emg2qwerty/logs/2025-03-11/22-26-25/job0_trainer.devices=4,trainer.max_epochs=200,user=single_user/checkpoints/epoch=84-step=2550.ckpt' as top 1
Epoch 85, global step 2580: 'val/CER' reached 21.84315 (best 21.84315), saving model to '/home/yigit/codebase/emg2qwerty/logs/2025-03-11/22-26-25/job0_trainer.devices=4,trainer.max_epochs=200,user=single_user/checkpoints/epoch=85-step=2580.ckpt' as top 1
Epoch 86, global step 2610: 'val/CER' was not in top 1
Epoch 87, global step 2640: 'val/CER' was not in top 1
Epoch 88, global step 2670: 'val/CER' was not in top 1
Epoch 89, global step 2700: 'val/CER' was not in top 1
Epoch 90, global step 2730: 'val/CER' reached 21.28932 (best 21.28932), saving model to '/home/yigit/codebase/emg2qwerty/logs/2025-03-11/22-26-25/job0_trainer.devices=4,trainer.max_epochs=200,user=single_user/checkpoints/epoch=90-step=2730.ckpt' as top 1
Epoch 91, global step 2760: 'val/CER' was not in top 1
Epoch 92, global step 2790: 'val/CER' was not in top 1
Epoch 93, global step 2820: 'val/CER' was not in top 1
Epoch 94, global step 2850: 'val/CER' was not in top 1
Epoch 95, global step 2880: 'val/CER' was not in top 1
Epoch 96, global step 2910: 'val/CER' was not in top 1
Epoch 97, global step 2940: 'val/CER' was not in top 1
Epoch 98, global step 2970: 'val/CER' was not in top 1
Epoch 99, global step 3000: 'val/CER' was not in top 1
Epoch 100, global step 3030: 'val/CER' was not in top 1
Epoch 101, global step 3060: 'val/CER' was not in top 1
Epoch 102, global step 3090: 'val/CER' was not in top 1
Epoch 103, global step 3120: 'val/CER' was not in top 1
Epoch 104, global step 3150: 'val/CER' reached 21.04564 (best 21.04564), saving model to '/home/yigit/codebase/emg2qwerty/logs/2025-03-11/22-26-25/job0_trainer.devices=4,trainer.max_epochs=200,user=single_user/checkpoints/epoch=104-step=3150.ckpt' as top 1
Epoch 105, global step 3180: 'val/CER' was not in top 1
Epoch 106, global step 3210: 'val/CER' was not in top 1
Epoch 107, global step 3240: 'val/CER' was not in top 1
Epoch 108, global step 3270: 'val/CER' was not in top 1
Epoch 109, global step 3300: 'val/CER' was not in top 1
Epoch 110, global step 3330: 'val/CER' was not in top 1
Epoch 111, global step 3360: 'val/CER' was not in top 1
Epoch 112, global step 3390: 'val/CER' was not in top 1
Epoch 113, global step 3420: 'val/CER' was not in top 1
Epoch 114, global step 3450: 'val/CER' was not in top 1
Epoch 115, global step 3480: 'val/CER' was not in top 1
Epoch 116, global step 3510: 'val/CER' was not in top 1
Epoch 117, global step 3540: 'val/CER' was not in top 1
Epoch 118, global step 3570: 'val/CER' reached 20.97918 (best 20.97918), saving model to '/home/yigit/codebase/emg2qwerty/logs/2025-03-11/22-26-25/job0_trainer.devices=4,trainer.max_epochs=200,user=single_user/checkpoints/epoch=118-step=3570.ckpt' as top 1
Epoch 119, global step 3600: 'val/CER' was not in top 1
Epoch 120, global step 3630: 'val/CER' was not in top 1
Epoch 121, global step 3660: 'val/CER' was not in top 1
Epoch 122, global step 3690: 'val/CER' was not in top 1
Epoch 123, global step 3720: 'val/CER' was not in top 1
Epoch 124, global step 3750: 'val/CER' was not in top 1
Epoch 125, global step 3780: 'val/CER' was not in top 1
Epoch 126, global step 3810: 'val/CER' was not in top 1
Epoch 127, global step 3840: 'val/CER' was not in top 1
Epoch 128, global step 3870: 'val/CER' was not in top 1
Epoch 129, global step 3900: 'val/CER' reached 20.80195 (best 20.80195), saving model to '/home/yigit/codebase/emg2qwerty/logs/2025-03-11/22-26-25/job0_trainer.devices=4,trainer.max_epochs=200,user=single_user/checkpoints/epoch=129-step=3900.ckpt' as top 1
Epoch 130, global step 3930: 'val/CER' reached 19.89366 (best 19.89366), saving model to '/home/yigit/codebase/emg2qwerty/logs/2025-03-11/22-26-25/job0_trainer.devices=4,trainer.max_epochs=200,user=single_user/checkpoints/epoch=130-step=3930.ckpt' as top 1
Epoch 131, global step 3960: 'val/CER' was not in top 1
Epoch 132, global step 3990: 'val/CER' was not in top 1
Epoch 133, global step 4020: 'val/CER' was not in top 1
Epoch 134, global step 4050: 'val/CER' was not in top 1
Epoch 135, global step 4080: 'val/CER' was not in top 1
Epoch 136, global step 4110: 'val/CER' was not in top 1
Epoch 137, global step 4140: 'val/CER' was not in top 1
Epoch 138, global step 4170: 'val/CER' was not in top 1
Epoch 139, global step 4200: 'val/CER' was not in top 1
Epoch 140, global step 4230: 'val/CER' was not in top 1
Epoch 141, global step 4260: 'val/CER' was not in top 1
Epoch 142, global step 4290: 'val/CER' was not in top 1
Epoch 143, global step 4320: 'val/CER' was not in top 1
Epoch 144, global step 4350: 'val/CER' was not in top 1
Epoch 145, global step 4380: 'val/CER' was not in top 1
Epoch 146, global step 4410: 'val/CER' was not in top 1
Epoch 147, global step 4440: 'val/CER' was not in top 1
Epoch 148, global step 4470: 'val/CER' was not in top 1
Epoch 149, global step 4500: 'val/CER' was not in top 1
Epoch 150, global step 4530: 'val/CER' was not in top 1
Epoch 151, global step 4560: 'val/CER' was not in top 1
Epoch 152, global step 4590: 'val/CER' was not in top 1
Epoch 153, global step 4620: 'val/CER' was not in top 1
Epoch 154, global step 4650: 'val/CER' was not in top 1
Epoch 155, global step 4680: 'val/CER' was not in top 1
Epoch 156, global step 4710: 'val/CER' was not in top 1
Epoch 157, global step 4740: 'val/CER' was not in top 1
Epoch 158, global step 4770: 'val/CER' was not in top 1
Epoch 159, global step 4800: 'val/CER' was not in top 1
Epoch 160, global step 4830: 'val/CER' was not in top 1
Epoch 161, global step 4860: 'val/CER' was not in top 1
Epoch 162, global step 4890: 'val/CER' was not in top 1
Epoch 163, global step 4920: 'val/CER' was not in top 1
Epoch 164, global step 4950: 'val/CER' was not in top 1
Epoch 165, global step 4980: 'val/CER' was not in top 1
Epoch 166, global step 5010: 'val/CER' was not in top 1
Epoch 167, global step 5040: 'val/CER' was not in top 1
Epoch 168, global step 5070: 'val/CER' was not in top 1
Epoch 169, global step 5100: 'val/CER' was not in top 1
Epoch 170, global step 5130: 'val/CER' was not in top 1
Epoch 171, global step 5160: 'val/CER' was not in top 1
Epoch 172, global step 5190: 'val/CER' was not in top 1
Epoch 173, global step 5220: 'val/CER' was not in top 1
Epoch 174, global step 5250: 'val/CER' was not in top 1
Epoch 175, global step 5280: 'val/CER' was not in top 1
Epoch 176, global step 5310: 'val/CER' was not in top 1
Epoch 177, global step 5340: 'val/CER' was not in top 1
Epoch 178, global step 5370: 'val/CER' was not in top 1
Epoch 179, global step 5400: 'val/CER' was not in top 1
Epoch 180, global step 5430: 'val/CER' was not in top 1
Epoch 181, global step 5460: 'val/CER' reached 19.82720 (best 19.82720), saving model to '/home/yigit/codebase/emg2qwerty/logs/2025-03-11/22-26-25/job0_trainer.devices=4,trainer.max_epochs=200,user=single_user/checkpoints/epoch=181-step=5460.ckpt' as top 1
Epoch 182, global step 5490: 'val/CER' was not in top 1
Epoch 183, global step 5520: 'val/CER' was not in top 1
Epoch 184, global step 5550: 'val/CER' was not in top 1
Epoch 185, global step 5580: 'val/CER' reached 19.80505 (best 19.80505), saving model to '/home/yigit/codebase/emg2qwerty/logs/2025-03-11/22-26-25/job0_trainer.devices=4,trainer.max_epochs=200,user=single_user/checkpoints/epoch=185-step=5580.ckpt' as top 1
Epoch 186, global step 5610: 'val/CER' was not in top 1
Epoch 187, global step 5640: 'val/CER' was not in top 1
Epoch 188, global step 5670: 'val/CER' was not in top 1
Epoch 189, global step 5700: 'val/CER' was not in top 1
Epoch 190, global step 5730: 'val/CER' was not in top 1
Epoch 191, global step 5760: 'val/CER' was not in top 1
Epoch 192, global step 5790: 'val/CER' was not in top 1
Epoch 193, global step 5820: 'val/CER' was not in top 1
Epoch 194, global step 5850: 'val/CER' was not in top 1
Epoch 195, global step 5880: 'val/CER' was not in top 1
Epoch 196, global step 5910: 'val/CER' was not in top 1
Epoch 197, global step 5940: 'val/CER' was not in top 1
Epoch 198, global step 5970: 'val/CER' was not in top 1
Epoch 199, global step 6000: 'val/CER' was not in top 1
`Trainer.fit` stopped: `max_epochs=200` reached.
Initializing distributed: GLOBAL_RANK: 0, MEMBER: 1/4
Initializing distributed: GLOBAL_RANK: 3, MEMBER: 4/4
Initializing distributed: GLOBAL_RANK: 2, MEMBER: 3/4
Initializing distributed: GLOBAL_RANK: 1, MEMBER: 2/4
----------------------------------------------------------------------------------------------------
distributed_backend=nccl
All distributed processes registered. Starting with 4 processes
----------------------------------------------------------------------------------------------------

LOCAL_RANK: 2 - CUDA_VISIBLE_DEVICES: [0,1,2,3]
LOCAL_RANK: 0 - CUDA_VISIBLE_DEVICES: [0,1,2,3]
LOCAL_RANK: 1 - CUDA_VISIBLE_DEVICES: [0,1,2,3]
LOCAL_RANK: 3 - CUDA_VISIBLE_DEVICES: [0,1,2,3]
/home/yigit/anaconda3/envs/emg2qwerty/lib/python3.10/site-packages/pytorch_lightning/trainer/connectors/data_connector.py:315: PossibleUserWarning: Using `DistributedSampler` with the dataloaders. During `trainer.validate()`, it is recommended to use `Trainer(devices=1, num_nodes=1)` to ensure each sample/batch gets evaluated exactly once. Otherwise, multi-device settings use `DistributedSampler` that replicates some samples to make sure all devices have same batch size in case of uneven inputs.
  rank_zero_warn(
/home/yigit/anaconda3/envs/emg2qwerty/lib/python3.10/site-packages/torch/nn/modules/conv.py:306: UserWarning: Plan failed with a cudnnException: CUDNN_BACKEND_EXECUTION_PLAN_DESCRIPTOR: cudnnFinalize Descriptor Failed cudnn_status: CUDNN_STATUS_NOT_SUPPORTED (Triggered internally at /opt/conda/conda-bld/pytorch_1712608935911/work/aten/src/ATen/native/cudnn/Conv_v8.cpp:919.)
  return F.conv1d(input, weight, bias, self.stride,
/home/yigit/anaconda3/envs/emg2qwerty/lib/python3.10/site-packages/torch/nn/modules/conv.py:306: UserWarning: Plan failed with a cudnnException: CUDNN_BACKEND_EXECUTION_PLAN_DESCRIPTOR: cudnnFinalize Descriptor Failed cudnn_status: CUDNN_STATUS_NOT_SUPPORTED (Triggered internally at /opt/conda/conda-bld/pytorch_1712608935911/work/aten/src/ATen/native/cudnn/Conv_v8.cpp:919.)
  return F.conv1d(input, weight, bias, self.stride,
/home/yigit/anaconda3/envs/emg2qwerty/lib/python3.10/site-packages/torch/nn/modules/conv.py:306: UserWarning: Plan failed with a cudnnException: CUDNN_BACKEND_EXECUTION_PLAN_DESCRIPTOR: cudnnFinalize Descriptor Failed cudnn_status: CUDNN_STATUS_NOT_SUPPORTED (Triggered internally at /opt/conda/conda-bld/pytorch_1712608935911/work/aten/src/ATen/native/cudnn/Conv_v8.cpp:919.)
  return F.conv1d(input, weight, bias, self.stride,
/home/yigit/anaconda3/envs/emg2qwerty/lib/python3.10/site-packages/torch/nn/modules/conv.py:306: UserWarning: Plan failed with a cudnnException: CUDNN_BACKEND_EXECUTION_PLAN_DESCRIPTOR: cudnnFinalize Descriptor Failed cudnn_status: CUDNN_STATUS_NOT_SUPPORTED (Triggered internally at /opt/conda/conda-bld/pytorch_1712608935911/work/aten/src/ATen/native/cudnn/Conv_v8.cpp:919.)
  return F.conv1d(input, weight, bias, self.stride,
Initializing distributed: GLOBAL_RANK: 2, MEMBER: 3/4
Initializing distributed: GLOBAL_RANK: 3, MEMBER: 4/4
Initializing distributed: GLOBAL_RANK: 1, MEMBER: 2/4
Initializing distributed: GLOBAL_RANK: 0, MEMBER: 1/4
----------------------------------------------------------------------------------------------------
distributed_backend=nccl
All distributed processes registered. Starting with 4 processes
----------------------------------------------------------------------------------------------------

LOCAL_RANK: 0 - CUDA_VISIBLE_DEVICES: [0,1,2,3]
LOCAL_RANK: 1 - CUDA_VISIBLE_DEVICES: [0,1,2,3]
LOCAL_RANK: 3 - CUDA_VISIBLE_DEVICES: [0,1,2,3]
LOCAL_RANK: 2 - CUDA_VISIBLE_DEVICES: [0,1,2,3]
/home/yigit/anaconda3/envs/emg2qwerty/lib/python3.10/site-packages/pytorch_lightning/trainer/connectors/data_connector.py:315: PossibleUserWarning: Using `DistributedSampler` with the dataloaders. During `trainer.test()`, it is recommended to use `Trainer(devices=1, num_nodes=1)` to ensure each sample/batch gets evaluated exactly once. Otherwise, multi-device settings use `DistributedSampler` that replicates some samples to make sure all devices have same batch size in case of uneven inputs.
  rank_zero_warn(
/home/yigit/anaconda3/envs/emg2qwerty/lib/python3.10/site-packages/torch/nn/modules/conv.py:306: UserWarning: Plan failed with a cudnnException: CUDNN_BACKEND_EXECUTION_PLAN_DESCRIPTOR: cudnnFinalize Descriptor Failed cudnn_status: CUDNN_STATUS_NOT_SUPPORTED (Triggered internally at /opt/conda/conda-bld/pytorch_1712608935911/work/aten/src/ATen/native/cudnn/Conv_v8.cpp:919.)
  return F.conv1d(input, weight, bias, self.stride,
/home/yigit/anaconda3/envs/emg2qwerty/lib/python3.10/site-packages/torch/nn/modules/conv.py:306: UserWarning: Plan failed with a cudnnException: CUDNN_BACKEND_EXECUTION_PLAN_DESCRIPTOR: cudnnFinalize Descriptor Failed cudnn_status: CUDNN_STATUS_NOT_SUPPORTED (Triggered internally at /opt/conda/conda-bld/pytorch_1712608935911/work/aten/src/ATen/native/cudnn/Conv_v8.cpp:919.)
  return F.conv1d(input, weight, bias, self.stride,
/home/yigit/anaconda3/envs/emg2qwerty/lib/python3.10/site-packages/torch/nn/modules/conv.py:306: UserWarning: Plan failed with a cudnnException: CUDNN_BACKEND_EXECUTION_PLAN_DESCRIPTOR: cudnnFinalize Descriptor Failed cudnn_status: CUDNN_STATUS_NOT_SUPPORTED (Triggered internally at /opt/conda/conda-bld/pytorch_1712608935911/work/aten/src/ATen/native/cudnn/Conv_v8.cpp:919.)
  return F.conv1d(input, weight, bias, self.stride,
/home/yigit/anaconda3/envs/emg2qwerty/lib/python3.10/site-packages/torch/nn/modules/conv.py:306: UserWarning: Plan failed with a cudnnException: CUDNN_BACKEND_EXECUTION_PLAN_DESCRIPTOR: cudnnFinalize Descriptor Failed cudnn_status: CUDNN_STATUS_NOT_SUPPORTED (Triggered internally at /opt/conda/conda-bld/pytorch_1712608935911/work/aten/src/ATen/native/cudnn/Conv_v8.cpp:919.)
  return F.conv1d(input, weight, bias, self.stride,
