Global seed set to 1501
GPU available: True (cuda), used: True
TPU available: False, using: 0 TPU cores
IPU available: False, using: 0 IPUs
HPU available: False, using: 0 HPUs
Initializing distributed: GLOBAL_RANK: 3, MEMBER: 4/4
Initializing distributed: GLOBAL_RANK: 0, MEMBER: 1/4
Initializing distributed: GLOBAL_RANK: 2, MEMBER: 3/4
Initializing distributed: GLOBAL_RANK: 1, MEMBER: 2/4
----------------------------------------------------------------------------------------------------
distributed_backend=nccl
All distributed processes registered. Starting with 4 processes
----------------------------------------------------------------------------------------------------

Missing logger folder: /home/yigit/codebase/emg2qwerty/logs/2025-03-11/00-38-00/job0_trainer.devices=4,user=single_user/lightning_logs
Missing logger folder: /home/yigit/codebase/emg2qwerty/logs/2025-03-11/00-38-00/job0_trainer.devices=4,user=single_user/lightning_logs
Missing logger folder: /home/yigit/codebase/emg2qwerty/logs/2025-03-11/00-38-00/job0_trainer.devices=4,user=single_user/lightning_logs
Missing logger folder: /home/yigit/codebase/emg2qwerty/logs/2025-03-11/00-38-00/job0_trainer.devices=4,user=single_user/lightning_logs
LOCAL_RANK: 3 - CUDA_VISIBLE_DEVICES: [0,1,2,3]
LOCAL_RANK: 0 - CUDA_VISIBLE_DEVICES: [0,1,2,3]
LOCAL_RANK: 2 - CUDA_VISIBLE_DEVICES: [0,1,2,3]
LOCAL_RANK: 1 - CUDA_VISIBLE_DEVICES: [0,1,2,3]
/home/yigit/anaconda3/envs/emg2qwerty/lib/python3.10/site-packages/pl_bolts/__init__.py:11: FutureWarning: In the future `np.object` will be defined as the corresponding NumPy scalar.
  if not hasattr(numpy, tp_name):
/home/yigit/anaconda3/envs/emg2qwerty/lib/python3.10/site-packages/pl_bolts/__init__.py:11: FutureWarning: In the future `np.bool` will be defined as the corresponding NumPy scalar.
  if not hasattr(numpy, tp_name):
/home/yigit/anaconda3/envs/emg2qwerty/lib/python3.10/site-packages/pl_bolts/__init__.py:11: FutureWarning: In the future `np.object` will be defined as the corresponding NumPy scalar.
  if not hasattr(numpy, tp_name):
/home/yigit/anaconda3/envs/emg2qwerty/lib/python3.10/site-packages/pl_bolts/__init__.py:11: FutureWarning: In the future `np.object` will be defined as the corresponding NumPy scalar.
  if not hasattr(numpy, tp_name):
/home/yigit/anaconda3/envs/emg2qwerty/lib/python3.10/site-packages/pl_bolts/__init__.py:11: FutureWarning: In the future `np.object` will be defined as the corresponding NumPy scalar.
  if not hasattr(numpy, tp_name):
/home/yigit/anaconda3/envs/emg2qwerty/lib/python3.10/site-packages/pl_bolts/__init__.py:11: FutureWarning: In the future `np.bool` will be defined as the corresponding NumPy scalar.
  if not hasattr(numpy, tp_name):
/home/yigit/anaconda3/envs/emg2qwerty/lib/python3.10/site-packages/pl_bolts/__init__.py:11: FutureWarning: In the future `np.bool` will be defined as the corresponding NumPy scalar.
  if not hasattr(numpy, tp_name):
/home/yigit/anaconda3/envs/emg2qwerty/lib/python3.10/site-packages/pl_bolts/__init__.py:11: FutureWarning: In the future `np.bool` will be defined as the corresponding NumPy scalar.
  if not hasattr(numpy, tp_name):
/home/yigit/anaconda3/envs/emg2qwerty/lib/python3.10/site-packages/pl_bolts/models/self_supervised/amdim/amdim_module.py:34: UnderReviewWarning: The feature generate_power_seq is currently marked under review. The compatibility with other Lightning projects is not guaranteed and API may change at any time. The API and functionality may change without warning in future releases. More details: https://lightning-bolts.readthedocs.io/en/latest/stability.html
  "lr_options": generate_power_seq(LEARNING_RATE_CIFAR, 11),
/home/yigit/anaconda3/envs/emg2qwerty/lib/python3.10/site-packages/pl_bolts/models/self_supervised/amdim/amdim_module.py:92: UnderReviewWarning: The feature FeatureMapContrastiveTask is currently marked under review. The compatibility with other Lightning projects is not guaranteed and API may change at any time. The API and functionality may change without warning in future releases. More details: https://lightning-bolts.readthedocs.io/en/latest/stability.html
  contrastive_task: Union[FeatureMapContrastiveTask] = FeatureMapContrastiveTask("01, 02, 11"),
/home/yigit/anaconda3/envs/emg2qwerty/lib/python3.10/site-packages/pl_bolts/losses/self_supervised_learning.py:228: UnderReviewWarning: The feature AmdimNCELoss is currently marked under review. The compatibility with other Lightning projects is not guaranteed and API may change at any time. The API and functionality may change without warning in future releases. More details: https://lightning-bolts.readthedocs.io/en/latest/stability.html
  self.nce_loss = AmdimNCELoss(tclip)
/home/yigit/anaconda3/envs/emg2qwerty/lib/python3.10/site-packages/hydra/_internal/instantiate/_instantiate2.py:92: UnderReviewWarning: The feature LinearWarmupCosineAnnealingLR is currently marked under review. The compatibility with other Lightning projects is not guaranteed and API may change at any time. The API and functionality may change without warning in future releases. More details: https://lightning-bolts.readthedocs.io/en/latest/stability.html
  return _target_(*args, **kwargs)

  | Name          | Type              | Params
----------------------------------------------------
0 | spec_norm     | SpectrogramNorm   | 64    
1 | cnn           | Sequential        | 133 K 
2 | adaptive_pool | AdaptiveAvgPool1d | 0     
3 | gru           | GRU               | 7.1 M 
4 | projection    | Sequential        | 287 K 
5 | ctc_loss      | CTCLoss           | 0     
6 | metrics       | ModuleDict        | 0     
----------------------------------------------------
7.5 M     Trainable params
0         Non-trainable params
7.5 M     Total params
30.046    Total estimated model params size (MB)
/home/yigit/anaconda3/envs/emg2qwerty/lib/python3.10/site-packages/pytorch_lightning/trainer/trainer.py:1595: PossibleUserWarning: The number of training batches (30) is smaller than the logging interval Trainer(log_every_n_steps=50). Set a lower value for log_every_n_steps if you want to see logs for the training epoch.
  rank_zero_warn(
[rank3]:[W reducer.cpp:1389] Warning: find_unused_parameters=True was specified in DDP constructor, but did not find any unused parameters in the forward pass. This flag results in an extra traversal of the autograd graph every iteration,  which can adversely affect performance. If your model indeed never has any unused parameters in the forward pass, consider turning this flag off. Note that this warning may be a false positive if your model has flow control causing later iterations to have unused parameters. (function operator())
[rank2]:[W reducer.cpp:1389] Warning: find_unused_parameters=True was specified in DDP constructor, but did not find any unused parameters in the forward pass. This flag results in an extra traversal of the autograd graph every iteration,  which can adversely affect performance. If your model indeed never has any unused parameters in the forward pass, consider turning this flag off. Note that this warning may be a false positive if your model has flow control causing later iterations to have unused parameters. (function operator())
[rank0]:[W reducer.cpp:1389] Warning: find_unused_parameters=True was specified in DDP constructor, but did not find any unused parameters in the forward pass. This flag results in an extra traversal of the autograd graph every iteration,  which can adversely affect performance. If your model indeed never has any unused parameters in the forward pass, consider turning this flag off. Note that this warning may be a false positive if your model has flow control causing later iterations to have unused parameters. (function operator())
[rank1]:[W reducer.cpp:1389] Warning: find_unused_parameters=True was specified in DDP constructor, but did not find any unused parameters in the forward pass. This flag results in an extra traversal of the autograd graph every iteration,  which can adversely affect performance. If your model indeed never has any unused parameters in the forward pass, consider turning this flag off. Note that this warning may be a false positive if your model has flow control causing later iterations to have unused parameters. (function operator())
Epoch 0, global step 30: 'val/CER' reached 513.09259 (best 513.09259), saving model to '/home/yigit/codebase/emg2qwerty/logs/2025-03-11/00-38-00/job0_trainer.devices=4,user=single_user/checkpoints/epoch=0-step=30.ckpt' as top 1
Epoch 1, global step 60: 'val/CER' reached 100.00000 (best 100.00000), saving model to '/home/yigit/codebase/emg2qwerty/logs/2025-03-11/00-38-00/job0_trainer.devices=4,user=single_user/checkpoints/epoch=1-step=60.ckpt' as top 1
Epoch 2, global step 90: 'val/CER' was not in top 1
Epoch 3, global step 120: 'val/CER' was not in top 1
Epoch 4, global step 150: 'val/CER' was not in top 1
Epoch 5, global step 180: 'val/CER' was not in top 1
Epoch 6, global step 210: 'val/CER' was not in top 1
Epoch 7, global step 240: 'val/CER' was not in top 1
Epoch 8, global step 270: 'val/CER' was not in top 1
Epoch 9, global step 300: 'val/CER' was not in top 1
Epoch 10, global step 330: 'val/CER' was not in top 1
Epoch 11, global step 360: 'val/CER' was not in top 1
Epoch 12, global step 390: 'val/CER' was not in top 1
Epoch 13, global step 420: 'val/CER' was not in top 1
Epoch 14, global step 450: 'val/CER' was not in top 1
Epoch 15, global step 480: 'val/CER' was not in top 1
Epoch 16, global step 510: 'val/CER' was not in top 1
Epoch 17, global step 540: 'val/CER' was not in top 1
Epoch 18, global step 570: 'val/CER' was not in top 1
Epoch 19, global step 600: 'val/CER' was not in top 1
Epoch 20, global step 630: 'val/CER' was not in top 1
Epoch 21, global step 660: 'val/CER' was not in top 1
Epoch 22, global step 690: 'val/CER' was not in top 1
Epoch 23, global step 720: 'val/CER' was not in top 1
Epoch 24, global step 750: 'val/CER' was not in top 1
Epoch 25, global step 780: 'val/CER' was not in top 1
Epoch 26, global step 810: 'val/CER' was not in top 1
Epoch 27, global step 840: 'val/CER' was not in top 1
Epoch 28, global step 870: 'val/CER' was not in top 1
Epoch 29, global step 900: 'val/CER' was not in top 1
Epoch 30, global step 930: 'val/CER' was not in top 1
Epoch 31, global step 960: 'val/CER' was not in top 1
Epoch 32, global step 990: 'val/CER' was not in top 1
Epoch 33, global step 1020: 'val/CER' was not in top 1
Epoch 34, global step 1050: 'val/CER' was not in top 1
Epoch 35, global step 1080: 'val/CER' was not in top 1
Epoch 36, global step 1110: 'val/CER' was not in top 1
Epoch 37, global step 1140: 'val/CER' reached 97.20869 (best 97.20869), saving model to '/home/yigit/codebase/emg2qwerty/logs/2025-03-11/00-38-00/job0_trainer.devices=4,user=single_user/checkpoints/epoch=37-step=1140.ckpt' as top 1
Epoch 38, global step 1170: 'val/CER' reached 95.10412 (best 95.10412), saving model to '/home/yigit/codebase/emg2qwerty/logs/2025-03-11/00-38-00/job0_trainer.devices=4,user=single_user/checkpoints/epoch=38-step=1170.ckpt' as top 1
Epoch 39, global step 1200: 'val/CER' reached 90.07533 (best 90.07533), saving model to '/home/yigit/codebase/emg2qwerty/logs/2025-03-11/00-38-00/job0_trainer.devices=4,user=single_user/checkpoints/epoch=39-step=1200.ckpt' as top 1
Epoch 40, global step 1230: 'val/CER' reached 85.75542 (best 85.75542), saving model to '/home/yigit/codebase/emg2qwerty/logs/2025-03-11/00-38-00/job0_trainer.devices=4,user=single_user/checkpoints/epoch=40-step=1230.ckpt' as top 1
Epoch 41, global step 1260: 'val/CER' reached 84.80283 (best 84.80283), saving model to '/home/yigit/codebase/emg2qwerty/logs/2025-03-11/00-38-00/job0_trainer.devices=4,user=single_user/checkpoints/epoch=41-step=1260.ckpt' as top 1
Epoch 42, global step 1290: 'val/CER' reached 82.87550 (best 82.87550), saving model to '/home/yigit/codebase/emg2qwerty/logs/2025-03-11/00-38-00/job0_trainer.devices=4,user=single_user/checkpoints/epoch=42-step=1290.ckpt' as top 1
Epoch 43, global step 1320: 'val/CER' reached 75.60921 (best 75.60921), saving model to '/home/yigit/codebase/emg2qwerty/logs/2025-03-11/00-38-00/job0_trainer.devices=4,user=single_user/checkpoints/epoch=43-step=1320.ckpt' as top 1
Epoch 44, global step 1350: 'val/CER' reached 67.23527 (best 67.23527), saving model to '/home/yigit/codebase/emg2qwerty/logs/2025-03-11/00-38-00/job0_trainer.devices=4,user=single_user/checkpoints/epoch=44-step=1350.ckpt' as top 1
Epoch 45, global step 1380: 'val/CER' reached 61.16526 (best 61.16526), saving model to '/home/yigit/codebase/emg2qwerty/logs/2025-03-11/00-38-00/job0_trainer.devices=4,user=single_user/checkpoints/epoch=45-step=1380.ckpt' as top 1
Epoch 46, global step 1410: 'val/CER' reached 53.05716 (best 53.05716), saving model to '/home/yigit/codebase/emg2qwerty/logs/2025-03-11/00-38-00/job0_trainer.devices=4,user=single_user/checkpoints/epoch=46-step=1410.ckpt' as top 1
Epoch 47, global step 1440: 'val/CER' reached 47.65175 (best 47.65175), saving model to '/home/yigit/codebase/emg2qwerty/logs/2025-03-11/00-38-00/job0_trainer.devices=4,user=single_user/checkpoints/epoch=47-step=1440.ckpt' as top 1
Epoch 48, global step 1470: 'val/CER' reached 43.84138 (best 43.84138), saving model to '/home/yigit/codebase/emg2qwerty/logs/2025-03-11/00-38-00/job0_trainer.devices=4,user=single_user/checkpoints/epoch=48-step=1470.ckpt' as top 1
Epoch 49, global step 1500: 'val/CER' reached 41.82543 (best 41.82543), saving model to '/home/yigit/codebase/emg2qwerty/logs/2025-03-11/00-38-00/job0_trainer.devices=4,user=single_user/checkpoints/epoch=49-step=1500.ckpt' as top 1
Epoch 50, global step 1530: 'val/CER' reached 37.57200 (best 37.57200), saving model to '/home/yigit/codebase/emg2qwerty/logs/2025-03-11/00-38-00/job0_trainer.devices=4,user=single_user/checkpoints/epoch=50-step=1530.ckpt' as top 1
Epoch 51, global step 1560: 'val/CER' reached 36.28711 (best 36.28711), saving model to '/home/yigit/codebase/emg2qwerty/logs/2025-03-11/00-38-00/job0_trainer.devices=4,user=single_user/checkpoints/epoch=51-step=1560.ckpt' as top 1
Epoch 52, global step 1590: 'val/CER' reached 34.66991 (best 34.66991), saving model to '/home/yigit/codebase/emg2qwerty/logs/2025-03-11/00-38-00/job0_trainer.devices=4,user=single_user/checkpoints/epoch=52-step=1590.ckpt' as top 1
Epoch 53, global step 1620: 'val/CER' reached 33.93886 (best 33.93886), saving model to '/home/yigit/codebase/emg2qwerty/logs/2025-03-11/00-38-00/job0_trainer.devices=4,user=single_user/checkpoints/epoch=53-step=1620.ckpt' as top 1
Epoch 54, global step 1650: 'val/CER' reached 32.36597 (best 32.36597), saving model to '/home/yigit/codebase/emg2qwerty/logs/2025-03-11/00-38-00/job0_trainer.devices=4,user=single_user/checkpoints/epoch=54-step=1650.ckpt' as top 1
Epoch 55, global step 1680: 'val/CER' reached 30.26141 (best 30.26141), saving model to '/home/yigit/codebase/emg2qwerty/logs/2025-03-11/00-38-00/job0_trainer.devices=4,user=single_user/checkpoints/epoch=55-step=1680.ckpt' as top 1
Epoch 56, global step 1710: 'val/CER' reached 29.44174 (best 29.44174), saving model to '/home/yigit/codebase/emg2qwerty/logs/2025-03-11/00-38-00/job0_trainer.devices=4,user=single_user/checkpoints/epoch=56-step=1710.ckpt' as top 1
Epoch 57, global step 1740: 'val/CER' reached 29.35312 (best 29.35312), saving model to '/home/yigit/codebase/emg2qwerty/logs/2025-03-11/00-38-00/job0_trainer.devices=4,user=single_user/checkpoints/epoch=57-step=1740.ckpt' as top 1
Epoch 58, global step 1770: 'val/CER' was not in top 1
Epoch 59, global step 1800: 'val/CER' reached 28.68852 (best 28.68852), saving model to '/home/yigit/codebase/emg2qwerty/logs/2025-03-11/00-38-00/job0_trainer.devices=4,user=single_user/checkpoints/epoch=59-step=1800.ckpt' as top 1
Epoch 60, global step 1830: 'val/CER' was not in top 1
Epoch 61, global step 1860: 'val/CER' reached 27.15995 (best 27.15995), saving model to '/home/yigit/codebase/emg2qwerty/logs/2025-03-11/00-38-00/job0_trainer.devices=4,user=single_user/checkpoints/epoch=61-step=1860.ckpt' as top 1
Epoch 62, global step 1890: 'val/CER' reached 26.56181 (best 26.56181), saving model to '/home/yigit/codebase/emg2qwerty/logs/2025-03-11/00-38-00/job0_trainer.devices=4,user=single_user/checkpoints/epoch=62-step=1890.ckpt' as top 1
Epoch 63, global step 1920: 'val/CER' reached 26.18520 (best 26.18520), saving model to '/home/yigit/codebase/emg2qwerty/logs/2025-03-11/00-38-00/job0_trainer.devices=4,user=single_user/checkpoints/epoch=63-step=1920.ckpt' as top 1
Epoch 64, global step 1950: 'val/CER' reached 25.45414 (best 25.45414), saving model to '/home/yigit/codebase/emg2qwerty/logs/2025-03-11/00-38-00/job0_trainer.devices=4,user=single_user/checkpoints/epoch=64-step=1950.ckpt' as top 1
Epoch 65, global step 1980: 'val/CER' was not in top 1
Epoch 66, global step 2010: 'val/CER' was not in top 1
Epoch 67, global step 2040: 'val/CER' was not in top 1
Epoch 68, global step 2070: 'val/CER' reached 24.25786 (best 24.25786), saving model to '/home/yigit/codebase/emg2qwerty/logs/2025-03-11/00-38-00/job0_trainer.devices=4,user=single_user/checkpoints/epoch=68-step=2070.ckpt' as top 1
Epoch 69, global step 2100: 'val/CER' reached 23.72618 (best 23.72618), saving model to '/home/yigit/codebase/emg2qwerty/logs/2025-03-11/00-38-00/job0_trainer.devices=4,user=single_user/checkpoints/epoch=69-step=2100.ckpt' as top 1
Epoch 70, global step 2130: 'val/CER' was not in top 1
Epoch 71, global step 2160: 'val/CER' reached 22.33053 (best 22.33053), saving model to '/home/yigit/codebase/emg2qwerty/logs/2025-03-11/00-38-00/job0_trainer.devices=4,user=single_user/checkpoints/epoch=71-step=2160.ckpt' as top 1
Epoch 72, global step 2190: 'val/CER' was not in top 1
Epoch 73, global step 2220: 'val/CER' reached 21.62162 (best 21.62162), saving model to '/home/yigit/codebase/emg2qwerty/logs/2025-03-11/00-38-00/job0_trainer.devices=4,user=single_user/checkpoints/epoch=73-step=2220.ckpt' as top 1
Epoch 74, global step 2250: 'val/CER' was not in top 1
Epoch 75, global step 2280: 'val/CER' reached 21.55516 (best 21.55516), saving model to '/home/yigit/codebase/emg2qwerty/logs/2025-03-11/00-38-00/job0_trainer.devices=4,user=single_user/checkpoints/epoch=75-step=2280.ckpt' as top 1
Epoch 76, global step 2310: 'val/CER' was not in top 1
Epoch 77, global step 2340: 'val/CER' reached 20.38104 (best 20.38104), saving model to '/home/yigit/codebase/emg2qwerty/logs/2025-03-11/00-38-00/job0_trainer.devices=4,user=single_user/checkpoints/epoch=77-step=2340.ckpt' as top 1
Epoch 78, global step 2370: 'val/CER' was not in top 1
Epoch 79, global step 2400: 'val/CER' was not in top 1
Epoch 80, global step 2430: 'val/CER' reached 19.91582 (best 19.91582), saving model to '/home/yigit/codebase/emg2qwerty/logs/2025-03-11/00-38-00/job0_trainer.devices=4,user=single_user/checkpoints/epoch=80-step=2430.ckpt' as top 1
Epoch 81, global step 2460: 'val/CER' was not in top 1
Epoch 82, global step 2490: 'val/CER' was not in top 1
Epoch 83, global step 2520: 'val/CER' reached 19.51706 (best 19.51706), saving model to '/home/yigit/codebase/emg2qwerty/logs/2025-03-11/00-38-00/job0_trainer.devices=4,user=single_user/checkpoints/epoch=83-step=2520.ckpt' as top 1
Epoch 84, global step 2550: 'val/CER' was not in top 1
Epoch 85, global step 2580: 'val/CER' reached 18.23217 (best 18.23217), saving model to '/home/yigit/codebase/emg2qwerty/logs/2025-03-11/00-38-00/job0_trainer.devices=4,user=single_user/checkpoints/epoch=85-step=2580.ckpt' as top 1
Epoch 86, global step 2610: 'val/CER' was not in top 1
Epoch 87, global step 2640: 'val/CER' was not in top 1
Epoch 88, global step 2670: 'val/CER' was not in top 1
Epoch 89, global step 2700: 'val/CER' was not in top 1
Epoch 90, global step 2730: 'val/CER' was not in top 1
Epoch 91, global step 2760: 'val/CER' reached 18.09925 (best 18.09925), saving model to '/home/yigit/codebase/emg2qwerty/logs/2025-03-11/00-38-00/job0_trainer.devices=4,user=single_user/checkpoints/epoch=91-step=2760.ckpt' as top 1
Epoch 92, global step 2790: 'val/CER' was not in top 1
Epoch 93, global step 2820: 'val/CER' was not in top 1
Epoch 94, global step 2850: 'val/CER' was not in top 1
Epoch 95, global step 2880: 'val/CER' reached 17.89987 (best 17.89987), saving model to '/home/yigit/codebase/emg2qwerty/logs/2025-03-11/00-38-00/job0_trainer.devices=4,user=single_user/checkpoints/epoch=95-step=2880.ckpt' as top 1
Epoch 96, global step 2910: 'val/CER' was not in top 1
Epoch 97, global step 2940: 'val/CER' reached 17.03589 (best 17.03589), saving model to '/home/yigit/codebase/emg2qwerty/logs/2025-03-11/00-38-00/job0_trainer.devices=4,user=single_user/checkpoints/epoch=97-step=2940.ckpt' as top 1
Epoch 98, global step 2970: 'val/CER' was not in top 1
Epoch 99, global step 3000: 'val/CER' reached 16.68143 (best 16.68143), saving model to '/home/yigit/codebase/emg2qwerty/logs/2025-03-11/00-38-00/job0_trainer.devices=4,user=single_user/checkpoints/epoch=99-step=3000.ckpt' as top 1
Epoch 100, global step 3030: 'val/CER' reached 16.37129 (best 16.37129), saving model to '/home/yigit/codebase/emg2qwerty/logs/2025-03-11/00-38-00/job0_trainer.devices=4,user=single_user/checkpoints/epoch=100-step=3030.ckpt' as top 1
Epoch 101, global step 3060: 'val/CER' was not in top 1
Epoch 102, global step 3090: 'val/CER' was not in top 1
Epoch 103, global step 3120: 'val/CER' was not in top 1
Epoch 104, global step 3150: 'val/CER' was not in top 1
Epoch 105, global step 3180: 'val/CER' was not in top 1
Epoch 106, global step 3210: 'val/CER' was not in top 1
Epoch 107, global step 3240: 'val/CER' was not in top 1
Epoch 108, global step 3270: 'val/CER' was not in top 1
Epoch 109, global step 3300: 'val/CER' was not in top 1
Epoch 110, global step 3330: 'val/CER' was not in top 1
Epoch 111, global step 3360: 'val/CER' reached 15.97253 (best 15.97253), saving model to '/home/yigit/codebase/emg2qwerty/logs/2025-03-11/00-38-00/job0_trainer.devices=4,user=single_user/checkpoints/epoch=111-step=3360.ckpt' as top 1
Epoch 112, global step 3390: 'val/CER' was not in top 1
Epoch 113, global step 3420: 'val/CER' was not in top 1
Epoch 114, global step 3450: 'val/CER' reached 15.88392 (best 15.88392), saving model to '/home/yigit/codebase/emg2qwerty/logs/2025-03-11/00-38-00/job0_trainer.devices=4,user=single_user/checkpoints/epoch=114-step=3450.ckpt' as top 1
Epoch 115, global step 3480: 'val/CER' was not in top 1
Epoch 116, global step 3510: 'val/CER' reached 15.79530 (best 15.79530), saving model to '/home/yigit/codebase/emg2qwerty/logs/2025-03-11/00-38-00/job0_trainer.devices=4,user=single_user/checkpoints/epoch=116-step=3510.ckpt' as top 1
Epoch 117, global step 3540: 'val/CER' was not in top 1
Epoch 118, global step 3570: 'val/CER' reached 15.57377 (best 15.57377), saving model to '/home/yigit/codebase/emg2qwerty/logs/2025-03-11/00-38-00/job0_trainer.devices=4,user=single_user/checkpoints/epoch=118-step=3570.ckpt' as top 1
Epoch 119, global step 3600: 'val/CER' was not in top 1
Epoch 120, global step 3630: 'val/CER' was not in top 1
Epoch 121, global step 3660: 'val/CER' was not in top 1
Epoch 122, global step 3690: 'val/CER' reached 15.15286 (best 15.15286), saving model to '/home/yigit/codebase/emg2qwerty/logs/2025-03-11/00-38-00/job0_trainer.devices=4,user=single_user/checkpoints/epoch=122-step=3690.ckpt' as top 1
Epoch 123, global step 3720: 'val/CER' was not in top 1
Epoch 124, global step 3750: 'val/CER' was not in top 1
Epoch 125, global step 3780: 'val/CER' was not in top 1
Epoch 126, global step 3810: 'val/CER' reached 15.13070 (best 15.13070), saving model to '/home/yigit/codebase/emg2qwerty/logs/2025-03-11/00-38-00/job0_trainer.devices=4,user=single_user/checkpoints/epoch=126-step=3810.ckpt' as top 1
Epoch 127, global step 3840: 'val/CER' was not in top 1
Epoch 128, global step 3870: 'val/CER' was not in top 1
Epoch 129, global step 3900: 'val/CER' reached 14.97563 (best 14.97563), saving model to '/home/yigit/codebase/emg2qwerty/logs/2025-03-11/00-38-00/job0_trainer.devices=4,user=single_user/checkpoints/epoch=129-step=3900.ckpt' as top 1
Epoch 130, global step 3930: 'val/CER' was not in top 1
Epoch 131, global step 3960: 'val/CER' was not in top 1
Epoch 132, global step 3990: 'val/CER' was not in top 1
Epoch 133, global step 4020: 'val/CER' was not in top 1
Epoch 134, global step 4050: 'val/CER' was not in top 1
Epoch 135, global step 4080: 'val/CER' reached 14.90917 (best 14.90917), saving model to '/home/yigit/codebase/emg2qwerty/logs/2025-03-11/00-38-00/job0_trainer.devices=4,user=single_user/checkpoints/epoch=135-step=4080.ckpt' as top 1
Epoch 136, global step 4110: 'val/CER' was not in top 1
Epoch 137, global step 4140: 'val/CER' was not in top 1
Epoch 138, global step 4170: 'val/CER' reached 14.88702 (best 14.88702), saving model to '/home/yigit/codebase/emg2qwerty/logs/2025-03-11/00-38-00/job0_trainer.devices=4,user=single_user/checkpoints/epoch=138-step=4170.ckpt' as top 1
Epoch 139, global step 4200: 'val/CER' reached 14.68764 (best 14.68764), saving model to '/home/yigit/codebase/emg2qwerty/logs/2025-03-11/00-38-00/job0_trainer.devices=4,user=single_user/checkpoints/epoch=139-step=4200.ckpt' as top 1
Epoch 140, global step 4230: 'val/CER' was not in top 1
Epoch 141, global step 4260: 'val/CER' was not in top 1
Epoch 142, global step 4290: 'val/CER' was not in top 1
Epoch 143, global step 4320: 'val/CER' was not in top 1
Epoch 144, global step 4350: 'val/CER' was not in top 1
Epoch 145, global step 4380: 'val/CER' was not in top 1
Epoch 146, global step 4410: 'val/CER' was not in top 1
Epoch 147, global step 4440: 'val/CER' was not in top 1
Epoch 148, global step 4470: 'val/CER' was not in top 1
Epoch 149, global step 4500: 'val/CER' was not in top 1
`Trainer.fit` stopped: `max_epochs=150` reached.
Initializing distributed: GLOBAL_RANK: 0, MEMBER: 1/4
Initializing distributed: GLOBAL_RANK: 1, MEMBER: 2/4
Initializing distributed: GLOBAL_RANK: 2, MEMBER: 3/4
Initializing distributed: GLOBAL_RANK: 3, MEMBER: 4/4
----------------------------------------------------------------------------------------------------
distributed_backend=nccl
All distributed processes registered. Starting with 4 processes
----------------------------------------------------------------------------------------------------

LOCAL_RANK: 2 - CUDA_VISIBLE_DEVICES: [0,1,2,3]
LOCAL_RANK: 0 - CUDA_VISIBLE_DEVICES: [0,1,2,3]
LOCAL_RANK: 3 - CUDA_VISIBLE_DEVICES: [0,1,2,3]
LOCAL_RANK: 1 - CUDA_VISIBLE_DEVICES: [0,1,2,3]
/home/yigit/anaconda3/envs/emg2qwerty/lib/python3.10/site-packages/pytorch_lightning/trainer/connectors/data_connector.py:315: PossibleUserWarning: Using `DistributedSampler` with the dataloaders. During `trainer.validate()`, it is recommended to use `Trainer(devices=1, num_nodes=1)` to ensure each sample/batch gets evaluated exactly once. Otherwise, multi-device settings use `DistributedSampler` that replicates some samples to make sure all devices have same batch size in case of uneven inputs.
  rank_zero_warn(
Initializing distributed: GLOBAL_RANK: 3, MEMBER: 4/4
Initializing distributed: GLOBAL_RANK: 2, MEMBER: 3/4
Initializing distributed: GLOBAL_RANK: 0, MEMBER: 1/4
Initializing distributed: GLOBAL_RANK: 1, MEMBER: 2/4
----------------------------------------------------------------------------------------------------
distributed_backend=nccl
All distributed processes registered. Starting with 4 processes
----------------------------------------------------------------------------------------------------

LOCAL_RANK: 1 - CUDA_VISIBLE_DEVICES: [0,1,2,3]
LOCAL_RANK: 3 - CUDA_VISIBLE_DEVICES: [0,1,2,3]
LOCAL_RANK: 0 - CUDA_VISIBLE_DEVICES: [0,1,2,3]
LOCAL_RANK: 2 - CUDA_VISIBLE_DEVICES: [0,1,2,3]
/home/yigit/anaconda3/envs/emg2qwerty/lib/python3.10/site-packages/pytorch_lightning/trainer/connectors/data_connector.py:315: PossibleUserWarning: Using `DistributedSampler` with the dataloaders. During `trainer.test()`, it is recommended to use `Trainer(devices=1, num_nodes=1)` to ensure each sample/batch gets evaluated exactly once. Otherwise, multi-device settings use `DistributedSampler` that replicates some samples to make sure all devices have same batch size in case of uneven inputs.
  rank_zero_warn(
